<?xml version="1.0" encoding="utf-8"?>
<test-run id="2" name="Inheritance.Geometry.exe" fullname="C:/Users/Александр/Desktop/Дистант/проектирование c#/Inheritance.Geometry.csproj/bin/Debug/Inheritance.Geometry.exe" testcasecount="155" result="Failed" start-time="2021-10-03 07:57:02Z" end-time="2021-10-03 07:57:07Z" duration="5.498653" total="155" passed="100" failed="55" inconclusive="0" skipped="0" asserts="9264" random-seed="162445029">
  <command-line><![CDATA["C:\Users\Александр\Desktop\Дистант\проектирование c#\Inheritance.Geometry.csproj\bin\Debug\Inheritance.Geometry.exe"]]></command-line>
  <filter />
  <test-suite type="Assembly" id="1172" name="Inheritance.Geometry.exe" fullname="C:/Users/Александр/Desktop/Дистант/проектирование c#/Inheritance.Geometry.csproj/bin/Debug/Inheritance.Geometry.exe" runstate="Runnable" testcasecount="155" result="Failed" site="Child" start-time="2021-10-03 07:57:02Z" end-time="2021-10-03 07:57:07Z" duration="5.498653" total="155" passed="100" failed="55" warnings="0" inconclusive="0" skipped="0" asserts="9264">
    <environment framework-version="3.6.0.0" clr-version="4.0.30319.42000" os-version="Microsoft Windows NT 6.2.9200.0" platform="Win32NT" cwd="C:\Users\Александр\Desktop\Дистант\проектирование c#\Inheritance.Geometry.csproj\bin\Debug" machine-name="MSI" user="Александр" user-domain="MSI" culture="ru-RU" uiculture="ru-RU" os-architecture="x86" />
    <settings>
      <setting name="WorkDirectory" value="C:\Users\Александр\Desktop\Дистант\проектирование c#\Inheritance.Geometry.csproj\bin\Debug" />
      <setting name="NumberOfTestWorkers" value="12" />
    </settings>
    <properties>
      <property name="_PID" value="8712" />
      <property name="_APPDOMAIN" value="Inheritance.Geometry.exe" />
    </properties>
    <failure>
      <message><![CDATA[One or more child tests had errors]]></message>
    </failure>
    <test-suite type="TestSuite" id="1173" name="Inheritance" fullname="Inheritance" runstate="Runnable" testcasecount="155" result="Failed" site="Child" start-time="2021-10-03 07:57:02Z" end-time="2021-10-03 07:57:07Z" duration="5.467561" total="155" passed="100" failed="55" warnings="0" inconclusive="0" skipped="0" asserts="9264">
      <failure>
        <message><![CDATA[One or more child tests had errors]]></message>
      </failure>
      <test-suite type="TestSuite" id="1174" name="Geometry" fullname="Inheritance.Geometry" runstate="Runnable" testcasecount="155" result="Failed" site="Child" start-time="2021-10-03 07:57:02Z" end-time="2021-10-03 07:57:07Z" duration="5.435488" total="155" passed="100" failed="55" warnings="0" inconclusive="0" skipped="0" asserts="9264">
        <failure>
          <message><![CDATA[One or more child tests had errors]]></message>
        </failure>
        <test-suite type="TestSuite" id="1175" name="Virtual" fullname="Inheritance.Geometry.Virtual" runstate="Runnable" testcasecount="100" result="Passed" start-time="2021-10-03 07:57:02Z" end-time="2021-10-03 07:57:05Z" duration="3.443857" total="100" passed="100" failed="0" warnings="0" inconclusive="0" skipped="0" asserts="9264">
          <test-suite type="TestFixture" id="1000" name="VirtualTask_Should" fullname="Inheritance.Geometry.Virtual.VirtualTask_Should" classname="Inheritance.Geometry.Virtual.VirtualTask_Should" runstate="Runnable" testcasecount="100" result="Passed" start-time="2021-10-03 07:57:02Z" end-time="2021-10-03 07:57:05Z" duration="3.396150" total="100" passed="100" failed="0" warnings="0" inconclusive="0" skipped="0" asserts="9264">
            <test-suite type="ParameterizedMethod" id="1028" name="Ball_BoundingBox_IsCorrect" fullname="Inheritance.Geometry.Virtual.VirtualTask_Should.Ball_BoundingBox_IsCorrect" classname="Inheritance.Geometry.Virtual.VirtualTask_Should" runstate="Runnable" testcasecount="13" result="Passed" start-time="2021-10-03 07:57:02Z" end-time="2021-10-03 07:57:02Z" duration="0.404930" total="13" passed="13" failed="0" warnings="0" inconclusive="0" skipped="0" asserts="52">
              <test-case id="1015" name="Ball_BoundingBox_IsCorrect(0,0,0,1)" fullname="Inheritance.Geometry.Virtual.VirtualTask_Should.Ball_BoundingBox_IsCorrect(0,0,0,1)" methodname="Ball_BoundingBox_IsCorrect" classname="Inheritance.Geometry.Virtual.VirtualTask_Should" runstate="Runnable" seed="1797565698" result="Passed" start-time="2021-10-03 07:57:02Z" end-time="2021-10-03 07:57:02Z" duration="0.011614" asserts="4" />
              <test-case id="1016" name="Ball_BoundingBox_IsCorrect(6,2,4,0)" fullname="Inheritance.Geometry.Virtual.VirtualTask_Should.Ball_BoundingBox_IsCorrect(6,2,4,0)" methodname="Ball_BoundingBox_IsCorrect" classname="Inheritance.Geometry.Virtual.VirtualTask_Should" runstate="Runnable" seed="1331566020" result="Passed" start-time="2021-10-03 07:57:02Z" end-time="2021-10-03 07:57:02Z" duration="0.000131" asserts="4" />
              <test-case id="1017" name="Ball_BoundingBox_IsCorrect(-6,2,4,0)" fullname="Inheritance.Geometry.Virtual.VirtualTask_Should.Ball_BoundingBox_IsCorrect(-6,2,4,0)" methodname="Ball_BoundingBox_IsCorrect" classname="Inheritance.Geometry.Virtual.VirtualTask_Should" runstate="Runnable" seed="485879464" result="Passed" start-time="2021-10-03 07:57:02Z" end-time="2021-10-03 07:57:02Z" duration="0.000141" asserts="4" />
              <test-case id="1018" name="Ball_BoundingBox_IsCorrect(-6,-2,4,0)" fullname="Inheritance.Geometry.Virtual.VirtualTask_Should.Ball_BoundingBox_IsCorrect(-6,-2,4,0)" methodname="Ball_BoundingBox_IsCorrect" classname="Inheritance.Geometry.Virtual.VirtualTask_Should" runstate="Runnable" seed="2133514618" result="Passed" start-time="2021-10-03 07:57:02Z" end-time="2021-10-03 07:57:02Z" duration="0.000127" asserts="4" />
              <test-case id="1019" name="Ball_BoundingBox_IsCorrect(-6,-2,-4,0)" fullname="Inheritance.Geometry.Virtual.VirtualTask_Should.Ball_BoundingBox_IsCorrect(-6,-2,-4,0)" methodname="Ball_BoundingBox_IsCorrect" classname="Inheritance.Geometry.Virtual.VirtualTask_Should" runstate="Runnable" seed="653704245" result="Passed" start-time="2021-10-03 07:57:02Z" end-time="2021-10-03 07:57:02Z" duration="0.000137" asserts="4" />
              <test-case id="1020" name="Ball_BoundingBox_IsCorrect(6,2,-4,0)" fullname="Inheritance.Geometry.Virtual.VirtualTask_Should.Ball_BoundingBox_IsCorrect(6,2,-4,0)" methodname="Ball_BoundingBox_IsCorrect" classname="Inheritance.Geometry.Virtual.VirtualTask_Should" runstate="Runnable" seed="873262486" result="Passed" start-time="2021-10-03 07:57:02Z" end-time="2021-10-03 07:57:02Z" duration="0.000293" asserts="4" />
              <test-case id="1021" name="Ball_BoundingBox_IsCorrect(6,-2,-4,0)" fullname="Inheritance.Geometry.Virtual.VirtualTask_Should.Ball_BoundingBox_IsCorrect(6,-2,-4,0)" methodname="Ball_BoundingBox_IsCorrect" classname="Inheritance.Geometry.Virtual.VirtualTask_Should" runstate="Runnable" seed="61944748" result="Passed" start-time="2021-10-03 07:57:02Z" end-time="2021-10-03 07:57:02Z" duration="0.000150" asserts="4" />
              <test-case id="1022" name="Ball_BoundingBox_IsCorrect(6,2,4,2)" fullname="Inheritance.Geometry.Virtual.VirtualTask_Should.Ball_BoundingBox_IsCorrect(6,2,4,2)" methodname="Ball_BoundingBox_IsCorrect" classname="Inheritance.Geometry.Virtual.VirtualTask_Should" runstate="Runnable" seed="1949959909" result="Passed" start-time="2021-10-03 07:57:02Z" end-time="2021-10-03 07:57:02Z" duration="0.000138" asserts="4" />
              <test-case id="1023" name="Ball_BoundingBox_IsCorrect(-6,2,4,4)" fullname="Inheritance.Geometry.Virtual.VirtualTask_Should.Ball_BoundingBox_IsCorrect(-6,2,4,4)" methodname="Ball_BoundingBox_IsCorrect" classname="Inheritance.Geometry.Virtual.VirtualTask_Should" runstate="Runnable" seed="138920295" result="Passed" start-time="2021-10-03 07:57:02Z" end-time="2021-10-03 07:57:02Z" duration="0.000224" asserts="4" />
              <test-case id="1024" name="Ball_BoundingBox_IsCorrect(-6,-2,4,9)" fullname="Inheritance.Geometry.Virtual.VirtualTask_Should.Ball_BoundingBox_IsCorrect(-6,-2,4,9)" methodname="Ball_BoundingBox_IsCorrect" classname="Inheritance.Geometry.Virtual.VirtualTask_Should" runstate="Runnable" seed="1984538822" result="Passed" start-time="2021-10-03 07:57:02Z" end-time="2021-10-03 07:57:02Z" duration="0.000151" asserts="4" />
              <test-case id="1025" name="Ball_BoundingBox_IsCorrect(-6,-2,-4,8)" fullname="Inheritance.Geometry.Virtual.VirtualTask_Should.Ball_BoundingBox_IsCorrect(-6,-2,-4,8)" methodname="Ball_BoundingBox_IsCorrect" classname="Inheritance.Geometry.Virtual.VirtualTask_Should" runstate="Runnable" seed="1110039084" result="Passed" start-time="2021-10-03 07:57:02Z" end-time="2021-10-03 07:57:02Z" duration="0.000130" asserts="4" />
              <test-case id="1026" name="Ball_BoundingBox_IsCorrect(6,2,-4,7)" fullname="Inheritance.Geometry.Virtual.VirtualTask_Should.Ball_BoundingBox_IsCorrect(6,2,-4,7)" methodname="Ball_BoundingBox_IsCorrect" classname="Inheritance.Geometry.Virtual.VirtualTask_Should" runstate="Runnable" seed="67019328" result="Passed" start-time="2021-10-03 07:57:02Z" end-time="2021-10-03 07:57:02Z" duration="0.000143" asserts="4" />
              <test-case id="1027" name="Ball_BoundingBox_IsCorrect(6,-2,-4,1)" fullname="Inheritance.Geometry.Virtual.VirtualTask_Should.Ball_BoundingBox_IsCorrect(6,-2,-4,1)" methodname="Ball_BoundingBox_IsCorrect" classname="Inheritance.Geometry.Virtual.VirtualTask_Should" runstate="Runnable" seed="562469371" result="Passed" start-time="2021-10-03 07:57:02Z" end-time="2021-10-03 07:57:02Z" duration="0.000132" asserts="4" />
            </test-suite>
            <test-suite type="ParameterizedMethod" id="1014" name="Ball_ContainsPoint_IsCorrect" fullname="Inheritance.Geometry.Virtual.VirtualTask_Should.Ball_ContainsPoint_IsCorrect" classname="Inheritance.Geometry.Virtual.VirtualTask_Should" runstate="Runnable" testcasecount="13" result="Passed" start-time="2021-10-03 07:57:02Z" end-time="2021-10-03 07:57:03Z" duration="0.401887" total="13" passed="13" failed="0" warnings="0" inconclusive="0" skipped="0" asserts="195">
              <test-case id="1001" name="Ball_ContainsPoint_IsCorrect(0,0,0,1)" fullname="Inheritance.Geometry.Virtual.VirtualTask_Should.Ball_ContainsPoint_IsCorrect(0,0,0,1)" methodname="Ball_ContainsPoint_IsCorrect" classname="Inheritance.Geometry.Virtual.VirtualTask_Should" runstate="Runnable" seed="1328923949" result="Passed" start-time="2021-10-03 07:57:02Z" end-time="2021-10-03 07:57:02Z" duration="0.003721" asserts="15" />
              <test-case id="1002" name="Ball_ContainsPoint_IsCorrect(6,2,4,0)" fullname="Inheritance.Geometry.Virtual.VirtualTask_Should.Ball_ContainsPoint_IsCorrect(6,2,4,0)" methodname="Ball_ContainsPoint_IsCorrect" classname="Inheritance.Geometry.Virtual.VirtualTask_Should" runstate="Runnable" seed="1268504937" result="Passed" start-time="2021-10-03 07:57:02Z" end-time="2021-10-03 07:57:02Z" duration="0.000235" asserts="15" />
              <test-case id="1003" name="Ball_ContainsPoint_IsCorrect(-6,2,4,0)" fullname="Inheritance.Geometry.Virtual.VirtualTask_Should.Ball_ContainsPoint_IsCorrect(-6,2,4,0)" methodname="Ball_ContainsPoint_IsCorrect" classname="Inheritance.Geometry.Virtual.VirtualTask_Should" runstate="Runnable" seed="1760438728" result="Passed" start-time="2021-10-03 07:57:02Z" end-time="2021-10-03 07:57:02Z" duration="0.000174" asserts="15" />
              <test-case id="1004" name="Ball_ContainsPoint_IsCorrect(-6,-2,4,0)" fullname="Inheritance.Geometry.Virtual.VirtualTask_Should.Ball_ContainsPoint_IsCorrect(-6,-2,4,0)" methodname="Ball_ContainsPoint_IsCorrect" classname="Inheritance.Geometry.Virtual.VirtualTask_Should" runstate="Runnable" seed="707446463" result="Passed" start-time="2021-10-03 07:57:02Z" end-time="2021-10-03 07:57:02Z" duration="0.000207" asserts="15" />
              <test-case id="1005" name="Ball_ContainsPoint_IsCorrect(-6,-2,-4,0)" fullname="Inheritance.Geometry.Virtual.VirtualTask_Should.Ball_ContainsPoint_IsCorrect(-6,-2,-4,0)" methodname="Ball_ContainsPoint_IsCorrect" classname="Inheritance.Geometry.Virtual.VirtualTask_Should" runstate="Runnable" seed="1389602003" result="Passed" start-time="2021-10-03 07:57:02Z" end-time="2021-10-03 07:57:02Z" duration="0.000360" asserts="15" />
              <test-case id="1006" name="Ball_ContainsPoint_IsCorrect(6,2,-4,0)" fullname="Inheritance.Geometry.Virtual.VirtualTask_Should.Ball_ContainsPoint_IsCorrect(6,2,-4,0)" methodname="Ball_ContainsPoint_IsCorrect" classname="Inheritance.Geometry.Virtual.VirtualTask_Should" runstate="Runnable" seed="625297267" result="Passed" start-time="2021-10-03 07:57:02Z" end-time="2021-10-03 07:57:02Z" duration="0.000192" asserts="15" />
              <test-case id="1007" name="Ball_ContainsPoint_IsCorrect(6,-2,-4,0)" fullname="Inheritance.Geometry.Virtual.VirtualTask_Should.Ball_ContainsPoint_IsCorrect(6,-2,-4,0)" methodname="Ball_ContainsPoint_IsCorrect" classname="Inheritance.Geometry.Virtual.VirtualTask_Should" runstate="Runnable" seed="13565220" result="Passed" start-time="2021-10-03 07:57:03Z" end-time="2021-10-03 07:57:03Z" duration="0.000183" asserts="15" />
              <test-case id="1008" name="Ball_ContainsPoint_IsCorrect(6,2,4,2)" fullname="Inheritance.Geometry.Virtual.VirtualTask_Should.Ball_ContainsPoint_IsCorrect(6,2,4,2)" methodname="Ball_ContainsPoint_IsCorrect" classname="Inheritance.Geometry.Virtual.VirtualTask_Should" runstate="Runnable" seed="2108766953" result="Passed" start-time="2021-10-03 07:57:03Z" end-time="2021-10-03 07:57:03Z" duration="0.000208" asserts="15" />
              <test-case id="1009" name="Ball_ContainsPoint_IsCorrect(-6,2,4,4)" fullname="Inheritance.Geometry.Virtual.VirtualTask_Should.Ball_ContainsPoint_IsCorrect(-6,2,4,4)" methodname="Ball_ContainsPoint_IsCorrect" classname="Inheritance.Geometry.Virtual.VirtualTask_Should" runstate="Runnable" seed="896933928" result="Passed" start-time="2021-10-03 07:57:03Z" end-time="2021-10-03 07:57:03Z" duration="0.000194" asserts="15" />
              <test-case id="1010" name="Ball_ContainsPoint_IsCorrect(-6,-2,4,9)" fullname="Inheritance.Geometry.Virtual.VirtualTask_Should.Ball_ContainsPoint_IsCorrect(-6,-2,4,9)" methodname="Ball_ContainsPoint_IsCorrect" classname="Inheritance.Geometry.Virtual.VirtualTask_Should" runstate="Runnable" seed="1473858064" result="Passed" start-time="2021-10-03 07:57:03Z" end-time="2021-10-03 07:57:03Z" duration="0.000315" asserts="15" />
              <test-case id="1011" name="Ball_ContainsPoint_IsCorrect(-6,-2,-4,8)" fullname="Inheritance.Geometry.Virtual.VirtualTask_Should.Ball_ContainsPoint_IsCorrect(-6,-2,-4,8)" methodname="Ball_ContainsPoint_IsCorrect" classname="Inheritance.Geometry.Virtual.VirtualTask_Should" runstate="Runnable" seed="287366422" result="Passed" start-time="2021-10-03 07:57:03Z" end-time="2021-10-03 07:57:03Z" duration="0.000205" asserts="15" />
              <test-case id="1012" name="Ball_ContainsPoint_IsCorrect(6,2,-4,7)" fullname="Inheritance.Geometry.Virtual.VirtualTask_Should.Ball_ContainsPoint_IsCorrect(6,2,-4,7)" methodname="Ball_ContainsPoint_IsCorrect" classname="Inheritance.Geometry.Virtual.VirtualTask_Should" runstate="Runnable" seed="1406411606" result="Passed" start-time="2021-10-03 07:57:03Z" end-time="2021-10-03 07:57:03Z" duration="0.000192" asserts="15" />
              <test-case id="1013" name="Ball_ContainsPoint_IsCorrect(6,-2,-4,1)" fullname="Inheritance.Geometry.Virtual.VirtualTask_Should.Ball_ContainsPoint_IsCorrect(6,-2,-4,1)" methodname="Ball_ContainsPoint_IsCorrect" classname="Inheritance.Geometry.Virtual.VirtualTask_Should" runstate="Runnable" seed="732210608" result="Passed" start-time="2021-10-03 07:57:03Z" end-time="2021-10-03 07:57:03Z" duration="0.000279" asserts="15" />
            </test-suite>
            <test-suite type="ParameterizedMethod" id="1109" name="CompoundBody_BoundingBox_IsCorrect" fullname="Inheritance.Geometry.Virtual.VirtualTask_Should.CompoundBody_BoundingBox_IsCorrect" classname="Inheritance.Geometry.Virtual.VirtualTask_Should" runstate="Runnable" testcasecount="9" result="Passed" start-time="2021-10-03 07:57:03Z" end-time="2021-10-03 07:57:03Z" duration="0.277925" total="9" passed="9" failed="0" warnings="0" inconclusive="0" skipped="0" asserts="108">
              <test-case id="1100" name="CompoundBody_BoundingBox_IsCorrect(0,0,0,1)" fullname="Inheritance.Geometry.Virtual.VirtualTask_Should.CompoundBody_BoundingBox_IsCorrect(0,0,0,1)" methodname="CompoundBody_BoundingBox_IsCorrect" classname="Inheritance.Geometry.Virtual.VirtualTask_Should" runstate="Runnable" seed="980845650" result="Passed" start-time="2021-10-03 07:57:03Z" end-time="2021-10-03 07:57:03Z" duration="0.004624" asserts="12" />
              <test-case id="1101" name="CompoundBody_BoundingBox_IsCorrect(0,0,0,6)" fullname="Inheritance.Geometry.Virtual.VirtualTask_Should.CompoundBody_BoundingBox_IsCorrect(0,0,0,6)" methodname="CompoundBody_BoundingBox_IsCorrect" classname="Inheritance.Geometry.Virtual.VirtualTask_Should" runstate="Runnable" seed="2105829008" result="Passed" start-time="2021-10-03 07:57:03Z" end-time="2021-10-03 07:57:03Z" duration="0.000226" asserts="12" />
              <test-case id="1102" name="CompoundBody_BoundingBox_IsCorrect(0,0,0,7)" fullname="Inheritance.Geometry.Virtual.VirtualTask_Should.CompoundBody_BoundingBox_IsCorrect(0,0,0,7)" methodname="CompoundBody_BoundingBox_IsCorrect" classname="Inheritance.Geometry.Virtual.VirtualTask_Should" runstate="Runnable" seed="193392052" result="Passed" start-time="2021-10-03 07:57:03Z" end-time="2021-10-03 07:57:03Z" duration="0.000200" asserts="12" />
              <test-case id="1103" name="CompoundBody_BoundingBox_IsCorrect(1,1,1,7)" fullname="Inheritance.Geometry.Virtual.VirtualTask_Should.CompoundBody_BoundingBox_IsCorrect(1,1,1,7)" methodname="CompoundBody_BoundingBox_IsCorrect" classname="Inheritance.Geometry.Virtual.VirtualTask_Should" runstate="Runnable" seed="689956923" result="Passed" start-time="2021-10-03 07:57:03Z" end-time="2021-10-03 07:57:03Z" duration="0.000174" asserts="12" />
              <test-case id="1104" name="CompoundBody_BoundingBox_IsCorrect(2,3,6,5)" fullname="Inheritance.Geometry.Virtual.VirtualTask_Should.CompoundBody_BoundingBox_IsCorrect(2,3,6,5)" methodname="CompoundBody_BoundingBox_IsCorrect" classname="Inheritance.Geometry.Virtual.VirtualTask_Should" runstate="Runnable" seed="924901646" result="Passed" start-time="2021-10-03 07:57:03Z" end-time="2021-10-03 07:57:03Z" duration="0.000206" asserts="12" />
              <test-case id="1105" name="CompoundBody_BoundingBox_IsCorrect(-2,-3,6,3)" fullname="Inheritance.Geometry.Virtual.VirtualTask_Should.CompoundBody_BoundingBox_IsCorrect(-2,-3,6,3)" methodname="CompoundBody_BoundingBox_IsCorrect" classname="Inheritance.Geometry.Virtual.VirtualTask_Should" runstate="Runnable" seed="429723178" result="Passed" start-time="2021-10-03 07:57:03Z" end-time="2021-10-03 07:57:03Z" duration="0.000183" asserts="12" />
              <test-case id="1106" name="CompoundBody_BoundingBox_IsCorrect(-12,-23,-46,13)" fullname="Inheritance.Geometry.Virtual.VirtualTask_Should.CompoundBody_BoundingBox_IsCorrect(-12,-23,-46,13)" methodname="CompoundBody_BoundingBox_IsCorrect" classname="Inheritance.Geometry.Virtual.VirtualTask_Should" runstate="Runnable" seed="1022003036" result="Passed" start-time="2021-10-03 07:57:03Z" end-time="2021-10-03 07:57:03Z" duration="0.000199" asserts="12" />
              <test-case id="1107" name="CompoundBody_BoundingBox_IsCorrect(12,-23,6,14)" fullname="Inheritance.Geometry.Virtual.VirtualTask_Should.CompoundBody_BoundingBox_IsCorrect(12,-23,6,14)" methodname="CompoundBody_BoundingBox_IsCorrect" classname="Inheritance.Geometry.Virtual.VirtualTask_Should" runstate="Runnable" seed="427320890" result="Passed" start-time="2021-10-03 07:57:03Z" end-time="2021-10-03 07:57:03Z" duration="0.000159" asserts="12" />
              <test-case id="1108" name="CompoundBody_BoundingBox_IsCorrect(8,5,-16,12)" fullname="Inheritance.Geometry.Virtual.VirtualTask_Should.CompoundBody_BoundingBox_IsCorrect(8,5,-16,12)" methodname="CompoundBody_BoundingBox_IsCorrect" classname="Inheritance.Geometry.Virtual.VirtualTask_Should" runstate="Runnable" seed="1183268458" result="Passed" start-time="2021-10-03 07:57:03Z" end-time="2021-10-03 07:57:03Z" duration="0.000166" asserts="12" />
            </test-suite>
            <test-suite type="ParameterizedMethod" id="1094" name="CompoundBody_ContainsPoint_IsCorrect" fullname="Inheritance.Geometry.Virtual.VirtualTask_Should.CompoundBody_ContainsPoint_IsCorrect" classname="Inheritance.Geometry.Virtual.VirtualTask_Should" runstate="Runnable" testcasecount="9" result="Passed" start-time="2021-10-03 07:57:03Z" end-time="2021-10-03 07:57:03Z" duration="0.277638" total="9" passed="9" failed="0" warnings="0" inconclusive="0" skipped="0" asserts="432">
              <test-case id="1085" name="CompoundBody_ContainsPoint_IsCorrect(0,0,0,1)" fullname="Inheritance.Geometry.Virtual.VirtualTask_Should.CompoundBody_ContainsPoint_IsCorrect(0,0,0,1)" methodname="CompoundBody_ContainsPoint_IsCorrect" classname="Inheritance.Geometry.Virtual.VirtualTask_Should" runstate="Runnable" seed="2017800331" result="Passed" start-time="2021-10-03 07:57:03Z" end-time="2021-10-03 07:57:03Z" duration="0.002880" asserts="48" />
              <test-case id="1086" name="CompoundBody_ContainsPoint_IsCorrect(0,0,0,6)" fullname="Inheritance.Geometry.Virtual.VirtualTask_Should.CompoundBody_ContainsPoint_IsCorrect(0,0,0,6)" methodname="CompoundBody_ContainsPoint_IsCorrect" classname="Inheritance.Geometry.Virtual.VirtualTask_Should" runstate="Runnable" seed="395886784" result="Passed" start-time="2021-10-03 07:57:03Z" end-time="2021-10-03 07:57:03Z" duration="0.000296" asserts="48" />
              <test-case id="1087" name="CompoundBody_ContainsPoint_IsCorrect(0,0,0,7)" fullname="Inheritance.Geometry.Virtual.VirtualTask_Should.CompoundBody_ContainsPoint_IsCorrect(0,0,0,7)" methodname="CompoundBody_ContainsPoint_IsCorrect" classname="Inheritance.Geometry.Virtual.VirtualTask_Should" runstate="Runnable" seed="1715742" result="Passed" start-time="2021-10-03 07:57:03Z" end-time="2021-10-03 07:57:03Z" duration="0.000236" asserts="48" />
              <test-case id="1088" name="CompoundBody_ContainsPoint_IsCorrect(1,1,1,7)" fullname="Inheritance.Geometry.Virtual.VirtualTask_Should.CompoundBody_ContainsPoint_IsCorrect(1,1,1,7)" methodname="CompoundBody_ContainsPoint_IsCorrect" classname="Inheritance.Geometry.Virtual.VirtualTask_Should" runstate="Runnable" seed="365480702" result="Passed" start-time="2021-10-03 07:57:03Z" end-time="2021-10-03 07:57:03Z" duration="0.000184" asserts="48" />
              <test-case id="1089" name="CompoundBody_ContainsPoint_IsCorrect(2,3,6,5)" fullname="Inheritance.Geometry.Virtual.VirtualTask_Should.CompoundBody_ContainsPoint_IsCorrect(2,3,6,5)" methodname="CompoundBody_ContainsPoint_IsCorrect" classname="Inheritance.Geometry.Virtual.VirtualTask_Should" runstate="Runnable" seed="1321043894" result="Passed" start-time="2021-10-03 07:57:03Z" end-time="2021-10-03 07:57:03Z" duration="0.000172" asserts="48" />
              <test-case id="1090" name="CompoundBody_ContainsPoint_IsCorrect(-2,-3,6,3)" fullname="Inheritance.Geometry.Virtual.VirtualTask_Should.CompoundBody_ContainsPoint_IsCorrect(-2,-3,6,3)" methodname="CompoundBody_ContainsPoint_IsCorrect" classname="Inheritance.Geometry.Virtual.VirtualTask_Should" runstate="Runnable" seed="1234030187" result="Passed" start-time="2021-10-03 07:57:03Z" end-time="2021-10-03 07:57:03Z" duration="0.000370" asserts="48" />
              <test-case id="1091" name="CompoundBody_ContainsPoint_IsCorrect(-12,-23,-46,13)" fullname="Inheritance.Geometry.Virtual.VirtualTask_Should.CompoundBody_ContainsPoint_IsCorrect(-12,-23,-46,13)" methodname="CompoundBody_ContainsPoint_IsCorrect" classname="Inheritance.Geometry.Virtual.VirtualTask_Should" runstate="Runnable" seed="690119685" result="Passed" start-time="2021-10-03 07:57:03Z" end-time="2021-10-03 07:57:03Z" duration="0.000206" asserts="48" />
              <test-case id="1092" name="CompoundBody_ContainsPoint_IsCorrect(12,-23,6,14)" fullname="Inheritance.Geometry.Virtual.VirtualTask_Should.CompoundBody_ContainsPoint_IsCorrect(12,-23,6,14)" methodname="CompoundBody_ContainsPoint_IsCorrect" classname="Inheritance.Geometry.Virtual.VirtualTask_Should" runstate="Runnable" seed="483940412" result="Passed" start-time="2021-10-03 07:57:03Z" end-time="2021-10-03 07:57:03Z" duration="0.000229" asserts="48" />
              <test-case id="1093" name="CompoundBody_ContainsPoint_IsCorrect(8,5,-16,12)" fullname="Inheritance.Geometry.Virtual.VirtualTask_Should.CompoundBody_ContainsPoint_IsCorrect(8,5,-16,12)" methodname="CompoundBody_ContainsPoint_IsCorrect" classname="Inheritance.Geometry.Virtual.VirtualTask_Should" runstate="Runnable" seed="1658089224" result="Passed" start-time="2021-10-03 07:57:03Z" end-time="2021-10-03 07:57:03Z" duration="0.000275" asserts="48" />
            </test-suite>
            <test-suite type="ParameterizedMethod" id="1099" name="CompoundBody_Of_TwoCuboids_BoundingBox_Correct" fullname="Inheritance.Geometry.Virtual.VirtualTask_Should.CompoundBody_Of_TwoCuboids_BoundingBox_Correct" classname="Inheritance.Geometry.Virtual.VirtualTask_Should" runstate="Runnable" testcasecount="3" result="Passed" start-time="2021-10-03 07:57:03Z" end-time="2021-10-03 07:57:03Z" duration="0.094522" total="3" passed="3" failed="0" warnings="0" inconclusive="0" skipped="0" asserts="9">
              <test-case id="1096" name="CompoundBody_Of_TwoCuboids_BoundingBox_Correct(1,2,3,2,1,3,5,5,4)" fullname="Inheritance.Geometry.Virtual.VirtualTask_Should.CompoundBody_Of_TwoCuboids_BoundingBox_Correct(1,2,3,2,1,3,5,5,4)" methodname="CompoundBody_Of_TwoCuboids_BoundingBox_Correct" classname="Inheritance.Geometry.Virtual.VirtualTask_Should" runstate="Runnable" seed="399538807" result="Passed" start-time="2021-10-03 07:57:03Z" end-time="2021-10-03 07:57:03Z" duration="0.000519" asserts="3" />
              <test-case id="1097" name="CompoundBody_Of_TwoCuboids_BoundingBox_Correct(1,1,1,2,2,2,5,5,5)" fullname="Inheritance.Geometry.Virtual.VirtualTask_Should.CompoundBody_Of_TwoCuboids_BoundingBox_Correct(1,1,1,2,2,2,5,5,5)" methodname="CompoundBody_Of_TwoCuboids_BoundingBox_Correct" classname="Inheritance.Geometry.Virtual.VirtualTask_Should" runstate="Runnable" seed="96631630" result="Passed" start-time="2021-10-03 07:57:03Z" end-time="2021-10-03 07:57:03Z" duration="0.000194" asserts="3" />
              <test-case id="1098" name="CompoundBody_Of_TwoCuboids_BoundingBox_Correct(2,1,1,1,2,2,5,5,5)" fullname="Inheritance.Geometry.Virtual.VirtualTask_Should.CompoundBody_Of_TwoCuboids_BoundingBox_Correct(2,1,1,1,2,2,5,5,5)" methodname="CompoundBody_Of_TwoCuboids_BoundingBox_Correct" classname="Inheritance.Geometry.Virtual.VirtualTask_Should" runstate="Runnable" seed="662067875" result="Passed" start-time="2021-10-03 07:57:03Z" end-time="2021-10-03 07:57:03Z" duration="0.000095" asserts="3" />
            </test-suite>
            <test-case id="1095" name="CompoundBody_WithBall_ContainsPoint_IsCorrect" fullname="Inheritance.Geometry.Virtual.VirtualTask_Should.CompoundBody_WithBall_ContainsPoint_IsCorrect" methodname="CompoundBody_WithBall_ContainsPoint_IsCorrect" classname="Inheritance.Geometry.Virtual.VirtualTask_Should" runstate="Runnable" seed="776180485" result="Passed" start-time="2021-10-03 07:57:04Z" end-time="2021-10-03 07:57:04Z" duration="0.017103" asserts="8000" />
            <test-suite type="ParameterizedMethod" id="1084" name="Cylinder_BoundingBox_IsCorrect" fullname="Inheritance.Geometry.Virtual.VirtualTask_Should.Cylinder_BoundingBox_IsCorrect" classname="Inheritance.Geometry.Virtual.VirtualTask_Should" runstate="Runnable" testcasecount="13" result="Passed" start-time="2021-10-03 07:57:04Z" end-time="2021-10-03 07:57:04Z" duration="0.403460" total="13" passed="13" failed="0" warnings="0" inconclusive="0" skipped="0" asserts="52">
              <test-case id="1071" name="Cylinder_BoundingBox_IsCorrect(0,0,0,1,2)" fullname="Inheritance.Geometry.Virtual.VirtualTask_Should.Cylinder_BoundingBox_IsCorrect(0,0,0,1,2)" methodname="Cylinder_BoundingBox_IsCorrect" classname="Inheritance.Geometry.Virtual.VirtualTask_Should" runstate="Runnable" seed="483837601" result="Passed" start-time="2021-10-03 07:57:04Z" end-time="2021-10-03 07:57:04Z" duration="0.000291" asserts="4" />
              <test-case id="1072" name="Cylinder_BoundingBox_IsCorrect(6,2,4,5,4)" fullname="Inheritance.Geometry.Virtual.VirtualTask_Should.Cylinder_BoundingBox_IsCorrect(6,2,4,5,4)" methodname="Cylinder_BoundingBox_IsCorrect" classname="Inheritance.Geometry.Virtual.VirtualTask_Should" runstate="Runnable" seed="789978407" result="Passed" start-time="2021-10-03 07:57:04Z" end-time="2021-10-03 07:57:04Z" duration="0.000192" asserts="4" />
              <test-case id="1073" name="Cylinder_BoundingBox_IsCorrect(-6,2,4,5,5)" fullname="Inheritance.Geometry.Virtual.VirtualTask_Should.Cylinder_BoundingBox_IsCorrect(-6,2,4,5,5)" methodname="Cylinder_BoundingBox_IsCorrect" classname="Inheritance.Geometry.Virtual.VirtualTask_Should" runstate="Runnable" seed="54565501" result="Passed" start-time="2021-10-03 07:57:04Z" end-time="2021-10-03 07:57:04Z" duration="0.000156" asserts="4" />
              <test-case id="1074" name="Cylinder_BoundingBox_IsCorrect(-6,-2,4)" fullname="Inheritance.Geometry.Virtual.VirtualTask_Should.Cylinder_BoundingBox_IsCorrect(-6,-2,4)" methodname="Cylinder_BoundingBox_IsCorrect" classname="Inheritance.Geometry.Virtual.VirtualTask_Should" runstate="Runnable" seed="1374291410" result="Passed" start-time="2021-10-03 07:57:04Z" end-time="2021-10-03 07:57:04Z" duration="0.000167" asserts="4" />
              <test-case id="1075" name="Cylinder_BoundingBox_IsCorrect(-6,-2,-4)" fullname="Inheritance.Geometry.Virtual.VirtualTask_Should.Cylinder_BoundingBox_IsCorrect(-6,-2,-4)" methodname="Cylinder_BoundingBox_IsCorrect" classname="Inheritance.Geometry.Virtual.VirtualTask_Should" runstate="Runnable" seed="2144886951" result="Passed" start-time="2021-10-03 07:57:04Z" end-time="2021-10-03 07:57:04Z" duration="0.000155" asserts="4" />
              <test-case id="1076" name="Cylinder_BoundingBox_IsCorrect(6,2,-4)" fullname="Inheritance.Geometry.Virtual.VirtualTask_Should.Cylinder_BoundingBox_IsCorrect(6,2,-4)" methodname="Cylinder_BoundingBox_IsCorrect" classname="Inheritance.Geometry.Virtual.VirtualTask_Should" runstate="Runnable" seed="1111775701" result="Passed" start-time="2021-10-03 07:57:04Z" end-time="2021-10-03 07:57:04Z" duration="0.000169" asserts="4" />
              <test-case id="1077" name="Cylinder_BoundingBox_IsCorrect(6,-2,-4)" fullname="Inheritance.Geometry.Virtual.VirtualTask_Should.Cylinder_BoundingBox_IsCorrect(6,-2,-4)" methodname="Cylinder_BoundingBox_IsCorrect" classname="Inheritance.Geometry.Virtual.VirtualTask_Should" runstate="Runnable" seed="1314886674" result="Passed" start-time="2021-10-03 07:57:04Z" end-time="2021-10-03 07:57:04Z" duration="0.000115" asserts="4" />
              <test-case id="1078" name="Cylinder_BoundingBox_IsCorrect(6,2,4)" fullname="Inheritance.Geometry.Virtual.VirtualTask_Should.Cylinder_BoundingBox_IsCorrect(6,2,4)" methodname="Cylinder_BoundingBox_IsCorrect" classname="Inheritance.Geometry.Virtual.VirtualTask_Should" runstate="Runnable" seed="228765456" result="Passed" start-time="2021-10-03 07:57:04Z" end-time="2021-10-03 07:57:04Z" duration="0.000119" asserts="4" />
              <test-case id="1079" name="Cylinder_BoundingBox_IsCorrect(-6,2,4)" fullname="Inheritance.Geometry.Virtual.VirtualTask_Should.Cylinder_BoundingBox_IsCorrect(-6,2,4)" methodname="Cylinder_BoundingBox_IsCorrect" classname="Inheritance.Geometry.Virtual.VirtualTask_Should" runstate="Runnable" seed="1846675554" result="Passed" start-time="2021-10-03 07:57:04Z" end-time="2021-10-03 07:57:04Z" duration="0.000163" asserts="4" />
              <test-case id="1080" name="Cylinder_BoundingBox_IsCorrect(-6,-2,4)" fullname="Inheritance.Geometry.Virtual.VirtualTask_Should.Cylinder_BoundingBox_IsCorrect(-6,-2,4)" methodname="Cylinder_BoundingBox_IsCorrect" classname="Inheritance.Geometry.Virtual.VirtualTask_Should" runstate="Runnable" seed="1014334746" result="Passed" start-time="2021-10-03 07:57:04Z" end-time="2021-10-03 07:57:04Z" duration="0.000202" asserts="4" />
              <test-case id="1081" name="Cylinder_BoundingBox_IsCorrect(-6,-2,-4)" fullname="Inheritance.Geometry.Virtual.VirtualTask_Should.Cylinder_BoundingBox_IsCorrect(-6,-2,-4)" methodname="Cylinder_BoundingBox_IsCorrect" classname="Inheritance.Geometry.Virtual.VirtualTask_Should" runstate="Runnable" seed="1817046111" result="Passed" start-time="2021-10-03 07:57:04Z" end-time="2021-10-03 07:57:04Z" duration="0.000151" asserts="4" />
              <test-case id="1082" name="Cylinder_BoundingBox_IsCorrect(6,2,-4)" fullname="Inheritance.Geometry.Virtual.VirtualTask_Should.Cylinder_BoundingBox_IsCorrect(6,2,-4)" methodname="Cylinder_BoundingBox_IsCorrect" classname="Inheritance.Geometry.Virtual.VirtualTask_Should" runstate="Runnable" seed="1212317130" result="Passed" start-time="2021-10-03 07:57:04Z" end-time="2021-10-03 07:57:04Z" duration="0.000119" asserts="4" />
              <test-case id="1083" name="Cylinder_BoundingBox_IsCorrect(6,-2,-4)" fullname="Inheritance.Geometry.Virtual.VirtualTask_Should.Cylinder_BoundingBox_IsCorrect(6,-2,-4)" methodname="Cylinder_BoundingBox_IsCorrect" classname="Inheritance.Geometry.Virtual.VirtualTask_Should" runstate="Runnable" seed="2067930904" result="Passed" start-time="2021-10-03 07:57:04Z" end-time="2021-10-03 07:57:04Z" duration="0.000111" asserts="4" />
            </test-suite>
            <test-suite type="ParameterizedMethod" id="1070" name="Cylinder_ContainsPoint_IsCorrect" fullname="Inheritance.Geometry.Virtual.VirtualTask_Should.Cylinder_ContainsPoint_IsCorrect" classname="Inheritance.Geometry.Virtual.VirtualTask_Should" runstate="Runnable" testcasecount="13" result="Passed" start-time="2021-10-03 07:57:04Z" end-time="2021-10-03 07:57:04Z" duration="0.398599" total="13" passed="13" failed="0" warnings="0" inconclusive="0" skipped="0" asserts="182">
              <test-case id="1057" name="Cylinder_ContainsPoint_IsCorrect(0,0,0,2,8)" fullname="Inheritance.Geometry.Virtual.VirtualTask_Should.Cylinder_ContainsPoint_IsCorrect(0,0,0,2,8)" methodname="Cylinder_ContainsPoint_IsCorrect" classname="Inheritance.Geometry.Virtual.VirtualTask_Should" runstate="Runnable" seed="541696541" result="Passed" start-time="2021-10-03 07:57:04Z" end-time="2021-10-03 07:57:04Z" duration="0.000250" asserts="14" />
              <test-case id="1058" name="Cylinder_ContainsPoint_IsCorrect(6,2,4,6,4)" fullname="Inheritance.Geometry.Virtual.VirtualTask_Should.Cylinder_ContainsPoint_IsCorrect(6,2,4,6,4)" methodname="Cylinder_ContainsPoint_IsCorrect" classname="Inheritance.Geometry.Virtual.VirtualTask_Should" runstate="Runnable" seed="1335495452" result="Passed" start-time="2021-10-03 07:57:04Z" end-time="2021-10-03 07:57:04Z" duration="0.000188" asserts="14" />
              <test-case id="1059" name="Cylinder_ContainsPoint_IsCorrect(-6,2,4,6,4)" fullname="Inheritance.Geometry.Virtual.VirtualTask_Should.Cylinder_ContainsPoint_IsCorrect(-6,2,4,6,4)" methodname="Cylinder_ContainsPoint_IsCorrect" classname="Inheritance.Geometry.Virtual.VirtualTask_Should" runstate="Runnable" seed="1157002925" result="Passed" start-time="2021-10-03 07:57:04Z" end-time="2021-10-03 07:57:04Z" duration="0.000224" asserts="14" />
              <test-case id="1060" name="Cylinder_ContainsPoint_IsCorrect(-6,-2,4)" fullname="Inheritance.Geometry.Virtual.VirtualTask_Should.Cylinder_ContainsPoint_IsCorrect(-6,-2,4)" methodname="Cylinder_ContainsPoint_IsCorrect" classname="Inheritance.Geometry.Virtual.VirtualTask_Should" runstate="Runnable" seed="734694574" result="Passed" start-time="2021-10-03 07:57:04Z" end-time="2021-10-03 07:57:04Z" duration="0.000228" asserts="14" />
              <test-case id="1061" name="Cylinder_ContainsPoint_IsCorrect(-6,-2,-4)" fullname="Inheritance.Geometry.Virtual.VirtualTask_Should.Cylinder_ContainsPoint_IsCorrect(-6,-2,-4)" methodname="Cylinder_ContainsPoint_IsCorrect" classname="Inheritance.Geometry.Virtual.VirtualTask_Should" runstate="Runnable" seed="1622423442" result="Passed" start-time="2021-10-03 07:57:04Z" end-time="2021-10-03 07:57:04Z" duration="0.000207" asserts="14" />
              <test-case id="1062" name="Cylinder_ContainsPoint_IsCorrect(6,2,-4)" fullname="Inheritance.Geometry.Virtual.VirtualTask_Should.Cylinder_ContainsPoint_IsCorrect(6,2,-4)" methodname="Cylinder_ContainsPoint_IsCorrect" classname="Inheritance.Geometry.Virtual.VirtualTask_Should" runstate="Runnable" seed="1128618676" result="Passed" start-time="2021-10-03 07:57:04Z" end-time="2021-10-03 07:57:04Z" duration="0.000235" asserts="14" />
              <test-case id="1063" name="Cylinder_ContainsPoint_IsCorrect(6,-2,-4)" fullname="Inheritance.Geometry.Virtual.VirtualTask_Should.Cylinder_ContainsPoint_IsCorrect(6,-2,-4)" methodname="Cylinder_ContainsPoint_IsCorrect" classname="Inheritance.Geometry.Virtual.VirtualTask_Should" runstate="Runnable" seed="500454904" result="Passed" start-time="2021-10-03 07:57:04Z" end-time="2021-10-03 07:57:04Z" duration="0.000223" asserts="14" />
              <test-case id="1064" name="Cylinder_ContainsPoint_IsCorrect(6,2,4)" fullname="Inheritance.Geometry.Virtual.VirtualTask_Should.Cylinder_ContainsPoint_IsCorrect(6,2,4)" methodname="Cylinder_ContainsPoint_IsCorrect" classname="Inheritance.Geometry.Virtual.VirtualTask_Should" runstate="Runnable" seed="2077984905" result="Passed" start-time="2021-10-03 07:57:04Z" end-time="2021-10-03 07:57:04Z" duration="0.000172" asserts="14" />
              <test-case id="1065" name="Cylinder_ContainsPoint_IsCorrect(-6,2,4)" fullname="Inheritance.Geometry.Virtual.VirtualTask_Should.Cylinder_ContainsPoint_IsCorrect(-6,2,4)" methodname="Cylinder_ContainsPoint_IsCorrect" classname="Inheritance.Geometry.Virtual.VirtualTask_Should" runstate="Runnable" seed="482323477" result="Passed" start-time="2021-10-03 07:57:04Z" end-time="2021-10-03 07:57:04Z" duration="0.000242" asserts="14" />
              <test-case id="1066" name="Cylinder_ContainsPoint_IsCorrect(-6,-2,4)" fullname="Inheritance.Geometry.Virtual.VirtualTask_Should.Cylinder_ContainsPoint_IsCorrect(-6,-2,4)" methodname="Cylinder_ContainsPoint_IsCorrect" classname="Inheritance.Geometry.Virtual.VirtualTask_Should" runstate="Runnable" seed="1012939083" result="Passed" start-time="2021-10-03 07:57:04Z" end-time="2021-10-03 07:57:04Z" duration="0.000300" asserts="14" />
              <test-case id="1067" name="Cylinder_ContainsPoint_IsCorrect(-6,-2,-4)" fullname="Inheritance.Geometry.Virtual.VirtualTask_Should.Cylinder_ContainsPoint_IsCorrect(-6,-2,-4)" methodname="Cylinder_ContainsPoint_IsCorrect" classname="Inheritance.Geometry.Virtual.VirtualTask_Should" runstate="Runnable" seed="405343908" result="Passed" start-time="2021-10-03 07:57:04Z" end-time="2021-10-03 07:57:04Z" duration="0.000220" asserts="14" />
              <test-case id="1068" name="Cylinder_ContainsPoint_IsCorrect(6,2,-4)" fullname="Inheritance.Geometry.Virtual.VirtualTask_Should.Cylinder_ContainsPoint_IsCorrect(6,2,-4)" methodname="Cylinder_ContainsPoint_IsCorrect" classname="Inheritance.Geometry.Virtual.VirtualTask_Should" runstate="Runnable" seed="403373114" result="Passed" start-time="2021-10-03 07:57:04Z" end-time="2021-10-03 07:57:04Z" duration="0.000193" asserts="14" />
              <test-case id="1069" name="Cylinder_ContainsPoint_IsCorrect(6,-2,-4)" fullname="Inheritance.Geometry.Virtual.VirtualTask_Should.Cylinder_ContainsPoint_IsCorrect(6,-2,-4)" methodname="Cylinder_ContainsPoint_IsCorrect" classname="Inheritance.Geometry.Virtual.VirtualTask_Should" runstate="Runnable" seed="1488497683" result="Passed" start-time="2021-10-03 07:57:04Z" end-time="2021-10-03 07:57:04Z" duration="0.000224" asserts="14" />
            </test-suite>
            <test-suite type="ParameterizedMethod" id="1056" name="RectangularCuboid_BoundingBox_IsCorrect" fullname="Inheritance.Geometry.Virtual.VirtualTask_Should.RectangularCuboid_BoundingBox_IsCorrect" classname="Inheritance.Geometry.Virtual.VirtualTask_Should" runstate="Runnable" testcasecount="13" result="Passed" start-time="2021-10-03 07:57:04Z" end-time="2021-10-03 07:57:05Z" duration="0.405840" total="13" passed="13" failed="0" warnings="0" inconclusive="0" skipped="0" asserts="52">
              <test-case id="1043" name="RectangularCuboid_BoundingBox_IsCorrect(0,0,0,1,2,3)" fullname="Inheritance.Geometry.Virtual.VirtualTask_Should.RectangularCuboid_BoundingBox_IsCorrect(0,0,0,1,2,3)" methodname="RectangularCuboid_BoundingBox_IsCorrect" classname="Inheritance.Geometry.Virtual.VirtualTask_Should" runstate="Runnable" seed="47185134" result="Passed" start-time="2021-10-03 07:57:04Z" end-time="2021-10-03 07:57:04Z" duration="0.000360" asserts="4" />
              <test-case id="1044" name="RectangularCuboid_BoundingBox_IsCorrect(6,2,4,5,4,7)" fullname="Inheritance.Geometry.Virtual.VirtualTask_Should.RectangularCuboid_BoundingBox_IsCorrect(6,2,4,5,4,7)" methodname="RectangularCuboid_BoundingBox_IsCorrect" classname="Inheritance.Geometry.Virtual.VirtualTask_Should" runstate="Runnable" seed="1469750385" result="Passed" start-time="2021-10-03 07:57:04Z" end-time="2021-10-03 07:57:04Z" duration="0.000205" asserts="4" />
              <test-case id="1045" name="RectangularCuboid_BoundingBox_IsCorrect(-6,2,4,5,5,5)" fullname="Inheritance.Geometry.Virtual.VirtualTask_Should.RectangularCuboid_BoundingBox_IsCorrect(-6,2,4,5,5,5)" methodname="RectangularCuboid_BoundingBox_IsCorrect" classname="Inheritance.Geometry.Virtual.VirtualTask_Should" runstate="Runnable" seed="1697458814" result="Passed" start-time="2021-10-03 07:57:04Z" end-time="2021-10-03 07:57:04Z" duration="0.000215" asserts="4" />
              <test-case id="1046" name="RectangularCuboid_BoundingBox_IsCorrect(-6,-2,4,0)" fullname="Inheritance.Geometry.Virtual.VirtualTask_Should.RectangularCuboid_BoundingBox_IsCorrect(-6,-2,4,0)" methodname="RectangularCuboid_BoundingBox_IsCorrect" classname="Inheritance.Geometry.Virtual.VirtualTask_Should" runstate="Runnable" seed="1655299884" result="Passed" start-time="2021-10-03 07:57:05Z" end-time="2021-10-03 07:57:05Z" duration="0.000153" asserts="4" />
              <test-case id="1047" name="RectangularCuboid_BoundingBox_IsCorrect(-6,-2,-4,0)" fullname="Inheritance.Geometry.Virtual.VirtualTask_Should.RectangularCuboid_BoundingBox_IsCorrect(-6,-2,-4,0)" methodname="RectangularCuboid_BoundingBox_IsCorrect" classname="Inheritance.Geometry.Virtual.VirtualTask_Should" runstate="Runnable" seed="1957052410" result="Passed" start-time="2021-10-03 07:57:05Z" end-time="2021-10-03 07:57:05Z" duration="0.000223" asserts="4" />
              <test-case id="1048" name="RectangularCuboid_BoundingBox_IsCorrect(6,2,-4,0)" fullname="Inheritance.Geometry.Virtual.VirtualTask_Should.RectangularCuboid_BoundingBox_IsCorrect(6,2,-4,0)" methodname="RectangularCuboid_BoundingBox_IsCorrect" classname="Inheritance.Geometry.Virtual.VirtualTask_Should" runstate="Runnable" seed="909747787" result="Passed" start-time="2021-10-03 07:57:05Z" end-time="2021-10-03 07:57:05Z" duration="0.000225" asserts="4" />
              <test-case id="1049" name="RectangularCuboid_BoundingBox_IsCorrect(6,-2,-4,0)" fullname="Inheritance.Geometry.Virtual.VirtualTask_Should.RectangularCuboid_BoundingBox_IsCorrect(6,-2,-4,0)" methodname="RectangularCuboid_BoundingBox_IsCorrect" classname="Inheritance.Geometry.Virtual.VirtualTask_Should" runstate="Runnable" seed="2083690379" result="Passed" start-time="2021-10-03 07:57:05Z" end-time="2021-10-03 07:57:05Z" duration="0.000326" asserts="4" />
              <test-case id="1050" name="RectangularCuboid_BoundingBox_IsCorrect(6,2,4,2)" fullname="Inheritance.Geometry.Virtual.VirtualTask_Should.RectangularCuboid_BoundingBox_IsCorrect(6,2,4,2)" methodname="RectangularCuboid_BoundingBox_IsCorrect" classname="Inheritance.Geometry.Virtual.VirtualTask_Should" runstate="Runnable" seed="1265117754" result="Passed" start-time="2021-10-03 07:57:05Z" end-time="2021-10-03 07:57:05Z" duration="0.000160" asserts="4" />
              <test-case id="1051" name="RectangularCuboid_BoundingBox_IsCorrect(-6,2,4,4)" fullname="Inheritance.Geometry.Virtual.VirtualTask_Should.RectangularCuboid_BoundingBox_IsCorrect(-6,2,4,4)" methodname="RectangularCuboid_BoundingBox_IsCorrect" classname="Inheritance.Geometry.Virtual.VirtualTask_Should" runstate="Runnable" seed="2067823431" result="Passed" start-time="2021-10-03 07:57:05Z" end-time="2021-10-03 07:57:05Z" duration="0.000268" asserts="4" />
              <test-case id="1052" name="RectangularCuboid_BoundingBox_IsCorrect(-6,-2,4,9)" fullname="Inheritance.Geometry.Virtual.VirtualTask_Should.RectangularCuboid_BoundingBox_IsCorrect(-6,-2,4,9)" methodname="RectangularCuboid_BoundingBox_IsCorrect" classname="Inheritance.Geometry.Virtual.VirtualTask_Should" runstate="Runnable" seed="1567355248" result="Passed" start-time="2021-10-03 07:57:05Z" end-time="2021-10-03 07:57:05Z" duration="0.000533" asserts="4" />
              <test-case id="1053" name="RectangularCuboid_BoundingBox_IsCorrect(-6,-2,-4,8)" fullname="Inheritance.Geometry.Virtual.VirtualTask_Should.RectangularCuboid_BoundingBox_IsCorrect(-6,-2,-4,8)" methodname="RectangularCuboid_BoundingBox_IsCorrect" classname="Inheritance.Geometry.Virtual.VirtualTask_Should" runstate="Runnable" seed="244419042" result="Passed" start-time="2021-10-03 07:57:05Z" end-time="2021-10-03 07:57:05Z" duration="0.000170" asserts="4" />
              <test-case id="1054" name="RectangularCuboid_BoundingBox_IsCorrect(6,2,-4,7)" fullname="Inheritance.Geometry.Virtual.VirtualTask_Should.RectangularCuboid_BoundingBox_IsCorrect(6,2,-4,7)" methodname="RectangularCuboid_BoundingBox_IsCorrect" classname="Inheritance.Geometry.Virtual.VirtualTask_Should" runstate="Runnable" seed="1607294441" result="Passed" start-time="2021-10-03 07:57:05Z" end-time="2021-10-03 07:57:05Z" duration="0.000139" asserts="4" />
              <test-case id="1055" name="RectangularCuboid_BoundingBox_IsCorrect(6,-2,-4,1)" fullname="Inheritance.Geometry.Virtual.VirtualTask_Should.RectangularCuboid_BoundingBox_IsCorrect(6,-2,-4,1)" methodname="RectangularCuboid_BoundingBox_IsCorrect" classname="Inheritance.Geometry.Virtual.VirtualTask_Should" runstate="Runnable" seed="2126984692" result="Passed" start-time="2021-10-03 07:57:05Z" end-time="2021-10-03 07:57:05Z" duration="0.000189" asserts="4" />
            </test-suite>
            <test-suite type="ParameterizedMethod" id="1042" name="RectangularCuboid_ContainsPoint_IsCorrect" fullname="Inheritance.Geometry.Virtual.VirtualTask_Should.RectangularCuboid_ContainsPoint_IsCorrect" classname="Inheritance.Geometry.Virtual.VirtualTask_Should" runstate="Runnable" testcasecount="13" result="Passed" start-time="2021-10-03 07:57:05Z" end-time="2021-10-03 07:57:05Z" duration="0.406239" total="13" passed="13" failed="0" warnings="0" inconclusive="0" skipped="0" asserts="182">
              <test-case id="1029" name="RectangularCuboid_ContainsPoint_IsCorrect(0,0,0,8,8,8)" fullname="Inheritance.Geometry.Virtual.VirtualTask_Should.RectangularCuboid_ContainsPoint_IsCorrect(0,0,0,8,8,8)" methodname="RectangularCuboid_ContainsPoint_IsCorrect" classname="Inheritance.Geometry.Virtual.VirtualTask_Should" runstate="Runnable" seed="1020423948" result="Passed" start-time="2021-10-03 07:57:05Z" end-time="2021-10-03 07:57:05Z" duration="0.000280" asserts="14" />
              <test-case id="1030" name="RectangularCuboid_ContainsPoint_IsCorrect(6,2,4)" fullname="Inheritance.Geometry.Virtual.VirtualTask_Should.RectangularCuboid_ContainsPoint_IsCorrect(6,2,4)" methodname="RectangularCuboid_ContainsPoint_IsCorrect" classname="Inheritance.Geometry.Virtual.VirtualTask_Should" runstate="Runnable" seed="378544569" result="Passed" start-time="2021-10-03 07:57:05Z" end-time="2021-10-03 07:57:05Z" duration="0.000263" asserts="14" />
              <test-case id="1031" name="RectangularCuboid_ContainsPoint_IsCorrect(-6,2,4)" fullname="Inheritance.Geometry.Virtual.VirtualTask_Should.RectangularCuboid_ContainsPoint_IsCorrect(-6,2,4)" methodname="RectangularCuboid_ContainsPoint_IsCorrect" classname="Inheritance.Geometry.Virtual.VirtualTask_Should" runstate="Runnable" seed="403646486" result="Passed" start-time="2021-10-03 07:57:05Z" end-time="2021-10-03 07:57:05Z" duration="0.000407" asserts="14" />
              <test-case id="1032" name="RectangularCuboid_ContainsPoint_IsCorrect(-6,-2,4)" fullname="Inheritance.Geometry.Virtual.VirtualTask_Should.RectangularCuboid_ContainsPoint_IsCorrect(-6,-2,4)" methodname="RectangularCuboid_ContainsPoint_IsCorrect" classname="Inheritance.Geometry.Virtual.VirtualTask_Should" runstate="Runnable" seed="834022885" result="Passed" start-time="2021-10-03 07:57:05Z" end-time="2021-10-03 07:57:05Z" duration="0.000187" asserts="14" />
              <test-case id="1033" name="RectangularCuboid_ContainsPoint_IsCorrect(-6,-2,-4)" fullname="Inheritance.Geometry.Virtual.VirtualTask_Should.RectangularCuboid_ContainsPoint_IsCorrect(-6,-2,-4)" methodname="RectangularCuboid_ContainsPoint_IsCorrect" classname="Inheritance.Geometry.Virtual.VirtualTask_Should" runstate="Runnable" seed="413179597" result="Passed" start-time="2021-10-03 07:57:05Z" end-time="2021-10-03 07:57:05Z" duration="0.000181" asserts="14" />
              <test-case id="1034" name="RectangularCuboid_ContainsPoint_IsCorrect(6,2,-4)" fullname="Inheritance.Geometry.Virtual.VirtualTask_Should.RectangularCuboid_ContainsPoint_IsCorrect(6,2,-4)" methodname="RectangularCuboid_ContainsPoint_IsCorrect" classname="Inheritance.Geometry.Virtual.VirtualTask_Should" runstate="Runnable" seed="1888433040" result="Passed" start-time="2021-10-03 07:57:05Z" end-time="2021-10-03 07:57:05Z" duration="0.000199" asserts="14" />
              <test-case id="1035" name="RectangularCuboid_ContainsPoint_IsCorrect(6,-2,-4)" fullname="Inheritance.Geometry.Virtual.VirtualTask_Should.RectangularCuboid_ContainsPoint_IsCorrect(6,-2,-4)" methodname="RectangularCuboid_ContainsPoint_IsCorrect" classname="Inheritance.Geometry.Virtual.VirtualTask_Should" runstate="Runnable" seed="612994227" result="Passed" start-time="2021-10-03 07:57:05Z" end-time="2021-10-03 07:57:05Z" duration="0.000156" asserts="14" />
              <test-case id="1036" name="RectangularCuboid_ContainsPoint_IsCorrect(6,2,4,4,4,4)" fullname="Inheritance.Geometry.Virtual.VirtualTask_Should.RectangularCuboid_ContainsPoint_IsCorrect(6,2,4,4,4,4)" methodname="RectangularCuboid_ContainsPoint_IsCorrect" classname="Inheritance.Geometry.Virtual.VirtualTask_Should" runstate="Runnable" seed="1819704327" result="Passed" start-time="2021-10-03 07:57:05Z" end-time="2021-10-03 07:57:05Z" duration="0.000153" asserts="14" />
              <test-case id="1037" name="RectangularCuboid_ContainsPoint_IsCorrect(-6,2,4)" fullname="Inheritance.Geometry.Virtual.VirtualTask_Should.RectangularCuboid_ContainsPoint_IsCorrect(-6,2,4)" methodname="RectangularCuboid_ContainsPoint_IsCorrect" classname="Inheritance.Geometry.Virtual.VirtualTask_Should" runstate="Runnable" seed="259840318" result="Passed" start-time="2021-10-03 07:57:05Z" end-time="2021-10-03 07:57:05Z" duration="0.000146" asserts="14" />
              <test-case id="1038" name="RectangularCuboid_ContainsPoint_IsCorrect(-6,-2,4)" fullname="Inheritance.Geometry.Virtual.VirtualTask_Should.RectangularCuboid_ContainsPoint_IsCorrect(-6,-2,4)" methodname="RectangularCuboid_ContainsPoint_IsCorrect" classname="Inheritance.Geometry.Virtual.VirtualTask_Should" runstate="Runnable" seed="1255496603" result="Passed" start-time="2021-10-03 07:57:05Z" end-time="2021-10-03 07:57:05Z" duration="0.000643" asserts="14" />
              <test-case id="1039" name="RectangularCuboid_ContainsPoint_IsCorrect(-6,-2,-4)" fullname="Inheritance.Geometry.Virtual.VirtualTask_Should.RectangularCuboid_ContainsPoint_IsCorrect(-6,-2,-4)" methodname="RectangularCuboid_ContainsPoint_IsCorrect" classname="Inheritance.Geometry.Virtual.VirtualTask_Should" runstate="Runnable" seed="1491061016" result="Passed" start-time="2021-10-03 07:57:05Z" end-time="2021-10-03 07:57:05Z" duration="0.000245" asserts="14" />
              <test-case id="1040" name="RectangularCuboid_ContainsPoint_IsCorrect(6,2,-4)" fullname="Inheritance.Geometry.Virtual.VirtualTask_Should.RectangularCuboid_ContainsPoint_IsCorrect(6,2,-4)" methodname="RectangularCuboid_ContainsPoint_IsCorrect" classname="Inheritance.Geometry.Virtual.VirtualTask_Should" runstate="Runnable" seed="839008381" result="Passed" start-time="2021-10-03 07:57:05Z" end-time="2021-10-03 07:57:05Z" duration="0.000263" asserts="14" />
              <test-case id="1041" name="RectangularCuboid_ContainsPoint_IsCorrect(6,-2,-4)" fullname="Inheritance.Geometry.Virtual.VirtualTask_Should.RectangularCuboid_ContainsPoint_IsCorrect(6,-2,-4)" methodname="RectangularCuboid_ContainsPoint_IsCorrect" classname="Inheritance.Geometry.Virtual.VirtualTask_Should" runstate="Runnable" seed="287971081" result="Passed" start-time="2021-10-03 07:57:05Z" end-time="2021-10-03 07:57:05Z" duration="0.000201" asserts="14" />
            </test-suite>
          </test-suite>
        </test-suite>
        <test-suite type="TestSuite" id="1176" name="Visitor" fullname="Inheritance.Geometry.Visitor" runstate="Runnable" testcasecount="55" result="Failed" site="Child" start-time="2021-10-03 07:57:02Z" end-time="2021-10-03 07:57:07Z" duration="5.388290" total="55" passed="0" failed="55" warnings="0" inconclusive="0" skipped="0" asserts="0">
          <failure>
            <message><![CDATA[One or more child tests had errors]]></message>
          </failure>
          <test-suite type="TestFixture" id="1110" name="BoundingBoxVisitor_Should" fullname="Inheritance.Geometry.Visitor.BoundingBoxVisitor_Should" classname="Inheritance.Geometry.Visitor.BoundingBoxVisitor_Should" runstate="Runnable" testcasecount="51" result="Failed" site="Child" start-time="2021-10-03 07:57:05Z" end-time="2021-10-03 07:57:07Z" duration="1.759837" total="51" passed="0" failed="51" warnings="0" inconclusive="0" skipped="0" asserts="0">
            <failure>
              <message><![CDATA[One or more child tests had errors]]></message>
            </failure>
            <test-suite type="ParameterizedMethod" id="1128" name="Ball_BoundingBoxVisitor_IsCorrect" fullname="Inheritance.Geometry.Visitor.BoundingBoxVisitor_Should.Ball_BoundingBoxVisitor_IsCorrect" classname="Inheritance.Geometry.Visitor.BoundingBoxVisitor_Should" runstate="Runnable" testcasecount="13" result="Failed" site="Child" start-time="2021-10-03 07:57:05Z" end-time="2021-10-03 07:57:06Z" duration="0.434971" total="13" passed="0" failed="13" warnings="0" inconclusive="0" skipped="0" asserts="0">
              <failure>
                <message><![CDATA[One or more child tests had errors]]></message>
              </failure>
              <test-case id="1115" name="Ball_BoundingBoxVisitor_IsCorrect(0,0,0,1)" fullname="Inheritance.Geometry.Visitor.BoundingBoxVisitor_Should.Ball_BoundingBoxVisitor_IsCorrect(0,0,0,1)" methodname="Ball_BoundingBoxVisitor_IsCorrect" classname="Inheritance.Geometry.Visitor.BoundingBoxVisitor_Should" runstate="Runnable" seed="745148710" result="Failed" label="Error" start-time="2021-10-03 07:57:05Z" end-time="2021-10-03 07:57:05Z" duration="0.031090" asserts="0">
                <failure>
                  <message><![CDATA[Microsoft.CSharp.RuntimeBinder.RuntimeBinderException : Нельзя неявно преобразовать тип "void" to "object"]]></message>
                  <stack-trace><![CDATA[   в CallSite.Target(Closure , CallSite , Object , Object )
   в System.Dynamic.UpdateDelegates.UpdateAndExecute2[T0,T1,TRet](CallSite site, T0 arg0, T1 arg1)
   в Inheritance.Geometry.Visitor.BodyExtensions.TryAcceptVisitor[TResult](Body body, Object visitor) в C:\Users\Александр\Desktop\Дистант\проектирование c#\Inheritance.Geometry.csproj\Visitor\BodyExtensions.cs:строка 9
   в Inheritance.Geometry.Visitor.BoundingBoxVisitor_Should.Ball_BoundingBoxVisitor_IsCorrect(Double x, Double y, Double z, Double radius) в C:\Users\Александр\Desktop\Дистант\проектирование c#\Inheritance.Geometry.csproj\Visitor\BoundingBoxVisitor_Should.cs:строка 42]]></stack-trace>
                </failure>
              </test-case>
              <test-case id="1116" name="Ball_BoundingBoxVisitor_IsCorrect(6,2,4,0)" fullname="Inheritance.Geometry.Visitor.BoundingBoxVisitor_Should.Ball_BoundingBoxVisitor_IsCorrect(6,2,4,0)" methodname="Ball_BoundingBoxVisitor_IsCorrect" classname="Inheritance.Geometry.Visitor.BoundingBoxVisitor_Should" runstate="Runnable" seed="1619780120" result="Failed" label="Error" start-time="2021-10-03 07:57:05Z" end-time="2021-10-03 07:57:05Z" duration="0.000366" asserts="0">
                <failure>
                  <message><![CDATA[Microsoft.CSharp.RuntimeBinder.RuntimeBinderException : Нельзя неявно преобразовать тип "void" to "object"]]></message>
                  <stack-trace><![CDATA[   в CallSite.Target(Closure , CallSite , Object , Object )
   в Inheritance.Geometry.Visitor.BodyExtensions.TryAcceptVisitor[TResult](Body body, Object visitor) в C:\Users\Александр\Desktop\Дистант\проектирование c#\Inheritance.Geometry.csproj\Visitor\BodyExtensions.cs:строка 9
   в Inheritance.Geometry.Visitor.BoundingBoxVisitor_Should.Ball_BoundingBoxVisitor_IsCorrect(Double x, Double y, Double z, Double radius) в C:\Users\Александр\Desktop\Дистант\проектирование c#\Inheritance.Geometry.csproj\Visitor\BoundingBoxVisitor_Should.cs:строка 42]]></stack-trace>
                </failure>
              </test-case>
              <test-case id="1117" name="Ball_BoundingBoxVisitor_IsCorrect(-6,2,4,0)" fullname="Inheritance.Geometry.Visitor.BoundingBoxVisitor_Should.Ball_BoundingBoxVisitor_IsCorrect(-6,2,4,0)" methodname="Ball_BoundingBoxVisitor_IsCorrect" classname="Inheritance.Geometry.Visitor.BoundingBoxVisitor_Should" runstate="Runnable" seed="1646032239" result="Failed" label="Error" start-time="2021-10-03 07:57:05Z" end-time="2021-10-03 07:57:05Z" duration="0.000922" asserts="0">
                <failure>
                  <message><![CDATA[Microsoft.CSharp.RuntimeBinder.RuntimeBinderException : Нельзя неявно преобразовать тип "void" to "object"]]></message>
                  <stack-trace><![CDATA[   в CallSite.Target(Closure , CallSite , Object , Object )
   в Inheritance.Geometry.Visitor.BodyExtensions.TryAcceptVisitor[TResult](Body body, Object visitor) в C:\Users\Александр\Desktop\Дистант\проектирование c#\Inheritance.Geometry.csproj\Visitor\BodyExtensions.cs:строка 9
   в Inheritance.Geometry.Visitor.BoundingBoxVisitor_Should.Ball_BoundingBoxVisitor_IsCorrect(Double x, Double y, Double z, Double radius) в C:\Users\Александр\Desktop\Дистант\проектирование c#\Inheritance.Geometry.csproj\Visitor\BoundingBoxVisitor_Should.cs:строка 42]]></stack-trace>
                </failure>
              </test-case>
              <test-case id="1118" name="Ball_BoundingBoxVisitor_IsCorrect(-6,-2,4,0)" fullname="Inheritance.Geometry.Visitor.BoundingBoxVisitor_Should.Ball_BoundingBoxVisitor_IsCorrect(-6,-2,4,0)" methodname="Ball_BoundingBoxVisitor_IsCorrect" classname="Inheritance.Geometry.Visitor.BoundingBoxVisitor_Should" runstate="Runnable" seed="423335240" result="Failed" label="Error" start-time="2021-10-03 07:57:05Z" end-time="2021-10-03 07:57:05Z" duration="0.001224" asserts="0">
                <failure>
                  <message><![CDATA[Microsoft.CSharp.RuntimeBinder.RuntimeBinderException : Нельзя неявно преобразовать тип "void" to "object"]]></message>
                  <stack-trace><![CDATA[   в CallSite.Target(Closure , CallSite , Object , Object )
   в Inheritance.Geometry.Visitor.BodyExtensions.TryAcceptVisitor[TResult](Body body, Object visitor) в C:\Users\Александр\Desktop\Дистант\проектирование c#\Inheritance.Geometry.csproj\Visitor\BodyExtensions.cs:строка 9
   в Inheritance.Geometry.Visitor.BoundingBoxVisitor_Should.Ball_BoundingBoxVisitor_IsCorrect(Double x, Double y, Double z, Double radius) в C:\Users\Александр\Desktop\Дистант\проектирование c#\Inheritance.Geometry.csproj\Visitor\BoundingBoxVisitor_Should.cs:строка 42]]></stack-trace>
                </failure>
              </test-case>
              <test-case id="1119" name="Ball_BoundingBoxVisitor_IsCorrect(-6,-2,-4,0)" fullname="Inheritance.Geometry.Visitor.BoundingBoxVisitor_Should.Ball_BoundingBoxVisitor_IsCorrect(-6,-2,-4,0)" methodname="Ball_BoundingBoxVisitor_IsCorrect" classname="Inheritance.Geometry.Visitor.BoundingBoxVisitor_Should" runstate="Runnable" seed="1599458752" result="Failed" label="Error" start-time="2021-10-03 07:57:06Z" end-time="2021-10-03 07:57:06Z" duration="0.000372" asserts="0">
                <failure>
                  <message><![CDATA[Microsoft.CSharp.RuntimeBinder.RuntimeBinderException : Нельзя неявно преобразовать тип "void" to "object"]]></message>
                  <stack-trace><![CDATA[   в CallSite.Target(Closure , CallSite , Object , Object )
   в Inheritance.Geometry.Visitor.BodyExtensions.TryAcceptVisitor[TResult](Body body, Object visitor) в C:\Users\Александр\Desktop\Дистант\проектирование c#\Inheritance.Geometry.csproj\Visitor\BodyExtensions.cs:строка 9
   в Inheritance.Geometry.Visitor.BoundingBoxVisitor_Should.Ball_BoundingBoxVisitor_IsCorrect(Double x, Double y, Double z, Double radius) в C:\Users\Александр\Desktop\Дистант\проектирование c#\Inheritance.Geometry.csproj\Visitor\BoundingBoxVisitor_Should.cs:строка 42]]></stack-trace>
                </failure>
              </test-case>
              <test-case id="1120" name="Ball_BoundingBoxVisitor_IsCorrect(6,2,-4,0)" fullname="Inheritance.Geometry.Visitor.BoundingBoxVisitor_Should.Ball_BoundingBoxVisitor_IsCorrect(6,2,-4,0)" methodname="Ball_BoundingBoxVisitor_IsCorrect" classname="Inheritance.Geometry.Visitor.BoundingBoxVisitor_Should" runstate="Runnable" seed="641924766" result="Failed" label="Error" start-time="2021-10-03 07:57:06Z" end-time="2021-10-03 07:57:06Z" duration="0.000349" asserts="0">
                <failure>
                  <message><![CDATA[Microsoft.CSharp.RuntimeBinder.RuntimeBinderException : Нельзя неявно преобразовать тип "void" to "object"]]></message>
                  <stack-trace><![CDATA[   в CallSite.Target(Closure , CallSite , Object , Object )
   в Inheritance.Geometry.Visitor.BodyExtensions.TryAcceptVisitor[TResult](Body body, Object visitor) в C:\Users\Александр\Desktop\Дистант\проектирование c#\Inheritance.Geometry.csproj\Visitor\BodyExtensions.cs:строка 9
   в Inheritance.Geometry.Visitor.BoundingBoxVisitor_Should.Ball_BoundingBoxVisitor_IsCorrect(Double x, Double y, Double z, Double radius) в C:\Users\Александр\Desktop\Дистант\проектирование c#\Inheritance.Geometry.csproj\Visitor\BoundingBoxVisitor_Should.cs:строка 42]]></stack-trace>
                </failure>
              </test-case>
              <test-case id="1121" name="Ball_BoundingBoxVisitor_IsCorrect(6,-2,-4,0)" fullname="Inheritance.Geometry.Visitor.BoundingBoxVisitor_Should.Ball_BoundingBoxVisitor_IsCorrect(6,-2,-4,0)" methodname="Ball_BoundingBoxVisitor_IsCorrect" classname="Inheritance.Geometry.Visitor.BoundingBoxVisitor_Should" runstate="Runnable" seed="1814063042" result="Failed" label="Error" start-time="2021-10-03 07:57:06Z" end-time="2021-10-03 07:57:06Z" duration="0.000388" asserts="0">
                <failure>
                  <message><![CDATA[Microsoft.CSharp.RuntimeBinder.RuntimeBinderException : Нельзя неявно преобразовать тип "void" to "object"]]></message>
                  <stack-trace><![CDATA[   в CallSite.Target(Closure , CallSite , Object , Object )
   в Inheritance.Geometry.Visitor.BodyExtensions.TryAcceptVisitor[TResult](Body body, Object visitor) в C:\Users\Александр\Desktop\Дистант\проектирование c#\Inheritance.Geometry.csproj\Visitor\BodyExtensions.cs:строка 9
   в Inheritance.Geometry.Visitor.BoundingBoxVisitor_Should.Ball_BoundingBoxVisitor_IsCorrect(Double x, Double y, Double z, Double radius) в C:\Users\Александр\Desktop\Дистант\проектирование c#\Inheritance.Geometry.csproj\Visitor\BoundingBoxVisitor_Should.cs:строка 42]]></stack-trace>
                </failure>
              </test-case>
              <test-case id="1122" name="Ball_BoundingBoxVisitor_IsCorrect(6,2,4,2)" fullname="Inheritance.Geometry.Visitor.BoundingBoxVisitor_Should.Ball_BoundingBoxVisitor_IsCorrect(6,2,4,2)" methodname="Ball_BoundingBoxVisitor_IsCorrect" classname="Inheritance.Geometry.Visitor.BoundingBoxVisitor_Should" runstate="Runnable" seed="259449131" result="Failed" label="Error" start-time="2021-10-03 07:57:06Z" end-time="2021-10-03 07:57:06Z" duration="0.000312" asserts="0">
                <failure>
                  <message><![CDATA[Microsoft.CSharp.RuntimeBinder.RuntimeBinderException : Нельзя неявно преобразовать тип "void" to "object"]]></message>
                  <stack-trace><![CDATA[   в CallSite.Target(Closure , CallSite , Object , Object )
   в Inheritance.Geometry.Visitor.BodyExtensions.TryAcceptVisitor[TResult](Body body, Object visitor) в C:\Users\Александр\Desktop\Дистант\проектирование c#\Inheritance.Geometry.csproj\Visitor\BodyExtensions.cs:строка 9
   в Inheritance.Geometry.Visitor.BoundingBoxVisitor_Should.Ball_BoundingBoxVisitor_IsCorrect(Double x, Double y, Double z, Double radius) в C:\Users\Александр\Desktop\Дистант\проектирование c#\Inheritance.Geometry.csproj\Visitor\BoundingBoxVisitor_Should.cs:строка 42]]></stack-trace>
                </failure>
              </test-case>
              <test-case id="1123" name="Ball_BoundingBoxVisitor_IsCorrect(-6,2,4,4)" fullname="Inheritance.Geometry.Visitor.BoundingBoxVisitor_Should.Ball_BoundingBoxVisitor_IsCorrect(-6,2,4,4)" methodname="Ball_BoundingBoxVisitor_IsCorrect" classname="Inheritance.Geometry.Visitor.BoundingBoxVisitor_Should" runstate="Runnable" seed="1559492735" result="Failed" label="Error" start-time="2021-10-03 07:57:06Z" end-time="2021-10-03 07:57:06Z" duration="0.000387" asserts="0">
                <failure>
                  <message><![CDATA[Microsoft.CSharp.RuntimeBinder.RuntimeBinderException : Нельзя неявно преобразовать тип "void" to "object"]]></message>
                  <stack-trace><![CDATA[   в CallSite.Target(Closure , CallSite , Object , Object )
   в Inheritance.Geometry.Visitor.BodyExtensions.TryAcceptVisitor[TResult](Body body, Object visitor) в C:\Users\Александр\Desktop\Дистант\проектирование c#\Inheritance.Geometry.csproj\Visitor\BodyExtensions.cs:строка 9
   в Inheritance.Geometry.Visitor.BoundingBoxVisitor_Should.Ball_BoundingBoxVisitor_IsCorrect(Double x, Double y, Double z, Double radius) в C:\Users\Александр\Desktop\Дистант\проектирование c#\Inheritance.Geometry.csproj\Visitor\BoundingBoxVisitor_Should.cs:строка 42]]></stack-trace>
                </failure>
              </test-case>
              <test-case id="1124" name="Ball_BoundingBoxVisitor_IsCorrect(-6,-2,4,9)" fullname="Inheritance.Geometry.Visitor.BoundingBoxVisitor_Should.Ball_BoundingBoxVisitor_IsCorrect(-6,-2,4,9)" methodname="Ball_BoundingBoxVisitor_IsCorrect" classname="Inheritance.Geometry.Visitor.BoundingBoxVisitor_Should" runstate="Runnable" seed="691484729" result="Failed" label="Error" start-time="2021-10-03 07:57:06Z" end-time="2021-10-03 07:57:06Z" duration="0.000396" asserts="0">
                <failure>
                  <message><![CDATA[Microsoft.CSharp.RuntimeBinder.RuntimeBinderException : Нельзя неявно преобразовать тип "void" to "object"]]></message>
                  <stack-trace><![CDATA[   в CallSite.Target(Closure , CallSite , Object , Object )
   в Inheritance.Geometry.Visitor.BodyExtensions.TryAcceptVisitor[TResult](Body body, Object visitor) в C:\Users\Александр\Desktop\Дистант\проектирование c#\Inheritance.Geometry.csproj\Visitor\BodyExtensions.cs:строка 9
   в Inheritance.Geometry.Visitor.BoundingBoxVisitor_Should.Ball_BoundingBoxVisitor_IsCorrect(Double x, Double y, Double z, Double radius) в C:\Users\Александр\Desktop\Дистант\проектирование c#\Inheritance.Geometry.csproj\Visitor\BoundingBoxVisitor_Should.cs:строка 42]]></stack-trace>
                </failure>
              </test-case>
              <test-case id="1125" name="Ball_BoundingBoxVisitor_IsCorrect(-6,-2,-4,8)" fullname="Inheritance.Geometry.Visitor.BoundingBoxVisitor_Should.Ball_BoundingBoxVisitor_IsCorrect(-6,-2,-4,8)" methodname="Ball_BoundingBoxVisitor_IsCorrect" classname="Inheritance.Geometry.Visitor.BoundingBoxVisitor_Should" runstate="Runnable" seed="1445682706" result="Failed" label="Error" start-time="2021-10-03 07:57:06Z" end-time="2021-10-03 07:57:06Z" duration="0.000336" asserts="0">
                <failure>
                  <message><![CDATA[Microsoft.CSharp.RuntimeBinder.RuntimeBinderException : Нельзя неявно преобразовать тип "void" to "object"]]></message>
                  <stack-trace><![CDATA[   в CallSite.Target(Closure , CallSite , Object , Object )
   в Inheritance.Geometry.Visitor.BodyExtensions.TryAcceptVisitor[TResult](Body body, Object visitor) в C:\Users\Александр\Desktop\Дистант\проектирование c#\Inheritance.Geometry.csproj\Visitor\BodyExtensions.cs:строка 9
   в Inheritance.Geometry.Visitor.BoundingBoxVisitor_Should.Ball_BoundingBoxVisitor_IsCorrect(Double x, Double y, Double z, Double radius) в C:\Users\Александр\Desktop\Дистант\проектирование c#\Inheritance.Geometry.csproj\Visitor\BoundingBoxVisitor_Should.cs:строка 42]]></stack-trace>
                </failure>
              </test-case>
              <test-case id="1126" name="Ball_BoundingBoxVisitor_IsCorrect(6,2,-4,7)" fullname="Inheritance.Geometry.Visitor.BoundingBoxVisitor_Should.Ball_BoundingBoxVisitor_IsCorrect(6,2,-4,7)" methodname="Ball_BoundingBoxVisitor_IsCorrect" classname="Inheritance.Geometry.Visitor.BoundingBoxVisitor_Should" runstate="Runnable" seed="10222824" result="Failed" label="Error" start-time="2021-10-03 07:57:06Z" end-time="2021-10-03 07:57:06Z" duration="0.000445" asserts="0">
                <failure>
                  <message><![CDATA[Microsoft.CSharp.RuntimeBinder.RuntimeBinderException : Нельзя неявно преобразовать тип "void" to "object"]]></message>
                  <stack-trace><![CDATA[   в CallSite.Target(Closure , CallSite , Object , Object )
   в Inheritance.Geometry.Visitor.BodyExtensions.TryAcceptVisitor[TResult](Body body, Object visitor) в C:\Users\Александр\Desktop\Дистант\проектирование c#\Inheritance.Geometry.csproj\Visitor\BodyExtensions.cs:строка 9
   в Inheritance.Geometry.Visitor.BoundingBoxVisitor_Should.Ball_BoundingBoxVisitor_IsCorrect(Double x, Double y, Double z, Double radius) в C:\Users\Александр\Desktop\Дистант\проектирование c#\Inheritance.Geometry.csproj\Visitor\BoundingBoxVisitor_Should.cs:строка 42]]></stack-trace>
                </failure>
              </test-case>
              <test-case id="1127" name="Ball_BoundingBoxVisitor_IsCorrect(6,-2,-4,1)" fullname="Inheritance.Geometry.Visitor.BoundingBoxVisitor_Should.Ball_BoundingBoxVisitor_IsCorrect(6,-2,-4,1)" methodname="Ball_BoundingBoxVisitor_IsCorrect" classname="Inheritance.Geometry.Visitor.BoundingBoxVisitor_Should" runstate="Runnable" seed="838050899" result="Failed" label="Error" start-time="2021-10-03 07:57:06Z" end-time="2021-10-03 07:57:06Z" duration="0.000330" asserts="0">
                <failure>
                  <message><![CDATA[Microsoft.CSharp.RuntimeBinder.RuntimeBinderException : Нельзя неявно преобразовать тип "void" to "object"]]></message>
                  <stack-trace><![CDATA[   в CallSite.Target(Closure , CallSite , Object , Object )
   в Inheritance.Geometry.Visitor.BodyExtensions.TryAcceptVisitor[TResult](Body body, Object visitor) в C:\Users\Александр\Desktop\Дистант\проектирование c#\Inheritance.Geometry.csproj\Visitor\BodyExtensions.cs:строка 9
   в Inheritance.Geometry.Visitor.BoundingBoxVisitor_Should.Ball_BoundingBoxVisitor_IsCorrect(Double x, Double y, Double z, Double radius) в C:\Users\Александр\Desktop\Дистант\проектирование c#\Inheritance.Geometry.csproj\Visitor\BoundingBoxVisitor_Should.cs:строка 42]]></stack-trace>
                </failure>
              </test-case>
            </test-suite>
            <test-suite type="ParameterizedMethod" id="1166" name="CompoundBody_BoundingBox_IsCorrect" fullname="Inheritance.Geometry.Visitor.BoundingBoxVisitor_Should.CompoundBody_BoundingBox_IsCorrect" classname="Inheritance.Geometry.Visitor.BoundingBoxVisitor_Should" runstate="Runnable" testcasecount="9" result="Failed" site="Child" start-time="2021-10-03 07:57:06Z" end-time="2021-10-03 07:57:06Z" duration="0.276307" total="9" passed="0" failed="9" warnings="0" inconclusive="0" skipped="0" asserts="0">
              <failure>
                <message><![CDATA[One or more child tests had errors]]></message>
              </failure>
              <test-case id="1157" name="CompoundBody_BoundingBox_IsCorrect(0,0,0,1)" fullname="Inheritance.Geometry.Visitor.BoundingBoxVisitor_Should.CompoundBody_BoundingBox_IsCorrect(0,0,0,1)" methodname="CompoundBody_BoundingBox_IsCorrect" classname="Inheritance.Geometry.Visitor.BoundingBoxVisitor_Should" runstate="Runnable" seed="193494863" result="Failed" label="Error" start-time="2021-10-03 07:57:06Z" end-time="2021-10-03 07:57:06Z" duration="0.006004" asserts="0">
                <failure>
                  <message><![CDATA[Microsoft.CSharp.RuntimeBinder.RuntimeBinderException : Нельзя неявно преобразовать тип "void" to "object"]]></message>
                  <stack-trace><![CDATA[   в CallSite.Target(Closure , CallSite , Object , Object )
   в System.Dynamic.UpdateDelegates.UpdateAndExecute2[T0,T1,TRet](CallSite site, T0 arg0, T1 arg1)
   в CallSite.Target(Closure , CallSite , Object , Object )
   в Inheritance.Geometry.Visitor.BodyExtensions.TryAcceptVisitor[TResult](Body body, Object visitor) в C:\Users\Александр\Desktop\Дистант\проектирование c#\Inheritance.Geometry.csproj\Visitor\BodyExtensions.cs:строка 9
   в Inheritance.Geometry.Visitor.BoundingBoxVisitor_Should.CompoundBody_BoundingBox_IsCorrect(Double x, Double y, Double z, Double radius) в C:\Users\Александр\Desktop\Дистант\проектирование c#\Inheritance.Geometry.csproj\Visitor\BoundingBoxVisitor_Should.cs:строка 115]]></stack-trace>
                </failure>
              </test-case>
              <test-case id="1158" name="CompoundBody_BoundingBox_IsCorrect(0,0,0,6)" fullname="Inheritance.Geometry.Visitor.BoundingBoxVisitor_Should.CompoundBody_BoundingBox_IsCorrect(0,0,0,6)" methodname="CompoundBody_BoundingBox_IsCorrect" classname="Inheritance.Geometry.Visitor.BoundingBoxVisitor_Should" runstate="Runnable" seed="1558067740" result="Failed" label="Error" start-time="2021-10-03 07:57:06Z" end-time="2021-10-03 07:57:06Z" duration="0.000366" asserts="0">
                <failure>
                  <message><![CDATA[Microsoft.CSharp.RuntimeBinder.RuntimeBinderException : Нельзя неявно преобразовать тип "void" to "object"]]></message>
                  <stack-trace><![CDATA[   в CallSite.Target(Closure , CallSite , Object , Object )
   в Inheritance.Geometry.Visitor.BodyExtensions.TryAcceptVisitor[TResult](Body body, Object visitor) в C:\Users\Александр\Desktop\Дистант\проектирование c#\Inheritance.Geometry.csproj\Visitor\BodyExtensions.cs:строка 9
   в Inheritance.Geometry.Visitor.BoundingBoxVisitor_Should.CompoundBody_BoundingBox_IsCorrect(Double x, Double y, Double z, Double radius) в C:\Users\Александр\Desktop\Дистант\проектирование c#\Inheritance.Geometry.csproj\Visitor\BoundingBoxVisitor_Should.cs:строка 115]]></stack-trace>
                </failure>
              </test-case>
              <test-case id="1159" name="CompoundBody_BoundingBox_IsCorrect(0,0,0,7)" fullname="Inheritance.Geometry.Visitor.BoundingBoxVisitor_Should.CompoundBody_BoundingBox_IsCorrect(0,0,0,7)" methodname="CompoundBody_BoundingBox_IsCorrect" classname="Inheritance.Geometry.Visitor.BoundingBoxVisitor_Should" runstate="Runnable" seed="1038814486" result="Failed" label="Error" start-time="2021-10-03 07:57:06Z" end-time="2021-10-03 07:57:06Z" duration="0.000483" asserts="0">
                <failure>
                  <message><![CDATA[Microsoft.CSharp.RuntimeBinder.RuntimeBinderException : Нельзя неявно преобразовать тип "void" to "object"]]></message>
                  <stack-trace><![CDATA[   в CallSite.Target(Closure , CallSite , Object , Object )
   в Inheritance.Geometry.Visitor.BodyExtensions.TryAcceptVisitor[TResult](Body body, Object visitor) в C:\Users\Александр\Desktop\Дистант\проектирование c#\Inheritance.Geometry.csproj\Visitor\BodyExtensions.cs:строка 9
   в Inheritance.Geometry.Visitor.BoundingBoxVisitor_Should.CompoundBody_BoundingBox_IsCorrect(Double x, Double y, Double z, Double radius) в C:\Users\Александр\Desktop\Дистант\проектирование c#\Inheritance.Geometry.csproj\Visitor\BoundingBoxVisitor_Should.cs:строка 115]]></stack-trace>
                </failure>
              </test-case>
              <test-case id="1160" name="CompoundBody_BoundingBox_IsCorrect(1,1,1,7)" fullname="Inheritance.Geometry.Visitor.BoundingBoxVisitor_Should.CompoundBody_BoundingBox_IsCorrect(1,1,1,7)" methodname="CompoundBody_BoundingBox_IsCorrect" classname="Inheritance.Geometry.Visitor.BoundingBoxVisitor_Should" runstate="Runnable" seed="1979095900" result="Failed" label="Error" start-time="2021-10-03 07:57:06Z" end-time="2021-10-03 07:57:06Z" duration="0.000378" asserts="0">
                <failure>
                  <message><![CDATA[Microsoft.CSharp.RuntimeBinder.RuntimeBinderException : Нельзя неявно преобразовать тип "void" to "object"]]></message>
                  <stack-trace><![CDATA[   в CallSite.Target(Closure , CallSite , Object , Object )
   в Inheritance.Geometry.Visitor.BodyExtensions.TryAcceptVisitor[TResult](Body body, Object visitor) в C:\Users\Александр\Desktop\Дистант\проектирование c#\Inheritance.Geometry.csproj\Visitor\BodyExtensions.cs:строка 9
   в Inheritance.Geometry.Visitor.BoundingBoxVisitor_Should.CompoundBody_BoundingBox_IsCorrect(Double x, Double y, Double z, Double radius) в C:\Users\Александр\Desktop\Дистант\проектирование c#\Inheritance.Geometry.csproj\Visitor\BoundingBoxVisitor_Should.cs:строка 115]]></stack-trace>
                </failure>
              </test-case>
              <test-case id="1161" name="CompoundBody_BoundingBox_IsCorrect(2,3,6,5)" fullname="Inheritance.Geometry.Visitor.BoundingBoxVisitor_Should.CompoundBody_BoundingBox_IsCorrect(2,3,6,5)" methodname="CompoundBody_BoundingBox_IsCorrect" classname="Inheritance.Geometry.Visitor.BoundingBoxVisitor_Should" runstate="Runnable" seed="1743547683" result="Failed" label="Error" start-time="2021-10-03 07:57:06Z" end-time="2021-10-03 07:57:06Z" duration="0.000336" asserts="0">
                <failure>
                  <message><![CDATA[Microsoft.CSharp.RuntimeBinder.RuntimeBinderException : Нельзя неявно преобразовать тип "void" to "object"]]></message>
                  <stack-trace><![CDATA[   в CallSite.Target(Closure , CallSite , Object , Object )
   в Inheritance.Geometry.Visitor.BodyExtensions.TryAcceptVisitor[TResult](Body body, Object visitor) в C:\Users\Александр\Desktop\Дистант\проектирование c#\Inheritance.Geometry.csproj\Visitor\BodyExtensions.cs:строка 9
   в Inheritance.Geometry.Visitor.BoundingBoxVisitor_Should.CompoundBody_BoundingBox_IsCorrect(Double x, Double y, Double z, Double radius) в C:\Users\Александр\Desktop\Дистант\проектирование c#\Inheritance.Geometry.csproj\Visitor\BoundingBoxVisitor_Should.cs:строка 115]]></stack-trace>
                </failure>
              </test-case>
[...]
                <failure>
                  <message><![CDATA[Microsoft.CSharp.RuntimeBinder.RuntimeBinderException : Нельзя неявно преобразовать тип "void" to "object"]]></message>
                  <stack-trace><![CDATA[   в CallSite.Target(Closure , CallSite , Object , Object )
   в Inheritance.Geometry.Visitor.BodyExtensions.TryAcceptVisitor[TResult](Body body, Object visitor) в C:\Users\Александр\Desktop\Дистант\проектирование c#\Inheritance.Geometry.csproj\Visitor\BodyExtensions.cs:строка 9
   в Inheritance.Geometry.Visitor.BoundingBoxVisitor_Should.RectangularCuboid_BoundingBoxVisitor_IsCorrect(Double x, Double y, Double z, Double length, Double width, Double height) в C:\Users\Александр\Desktop\Дистант\проектирование c#\Inheritance.Geometry.csproj\Visitor\BoundingBoxVisitor_Should.cs:строка 66]]></stack-trace>
                </failure>
              </test-case>
              <test-case id="1133" name="RectangularCuboid_BoundingBoxVisitor_IsCorrect(-6,-2,-4,0)" fullname="Inheritance.Geometry.Visitor.BoundingBoxVisitor_Should.RectangularCuboid_BoundingBoxVisitor_IsCorrect(-6,-2,-4,0)" methodname="RectangularCuboid_BoundingBoxVisitor_IsCorrect" classname="Inheritance.Geometry.Visitor.BoundingBoxVisitor_Should" runstate="Runnable" seed="263366815" result="Failed" label="Error" start-time="2021-10-03 07:57:07Z" end-time="2021-10-03 07:57:07Z" duration="0.000561" asserts="0">
                <failure>
                  <message><![CDATA[Microsoft.CSharp.RuntimeBinder.RuntimeBinderException : Нельзя неявно преобразовать тип "void" to "object"]]></message>
                  <stack-trace><![CDATA[   в CallSite.Target(Closure , CallSite , Object , Object )
   в Inheritance.Geometry.Visitor.BodyExtensions.TryAcceptVisitor[TResult](Body body, Object visitor) в C:\Users\Александр\Desktop\Дистант\проектирование c#\Inheritance.Geometry.csproj\Visitor\BodyExtensions.cs:строка 9
   в Inheritance.Geometry.Visitor.BoundingBoxVisitor_Should.RectangularCuboid_BoundingBoxVisitor_IsCorrect(Double x, Double y, Double z, Double length, Double width, Double height) в C:\Users\Александр\Desktop\Дистант\проектирование c#\Inheritance.Geometry.csproj\Visitor\BoundingBoxVisitor_Should.cs:строка 66]]></stack-trace>
                </failure>
              </test-case>
              <test-case id="1134" name="RectangularCuboid_BoundingBoxVisitor_IsCorrect(6,2,-4,0)" fullname="Inheritance.Geometry.Visitor.BoundingBoxVisitor_Should.RectangularCuboid_BoundingBoxVisitor_IsCorrect(6,2,-4,0)" methodname="RectangularCuboid_BoundingBoxVisitor_IsCorrect" classname="Inheritance.Geometry.Visitor.BoundingBoxVisitor_Should" runstate="Runnable" seed="1791067026" result="Failed" label="Error" start-time="2021-10-03 07:57:07Z" end-time="2021-10-03 07:57:07Z" duration="0.000347" asserts="0">
                <failure>
                  <message><![CDATA[Microsoft.CSharp.RuntimeBinder.RuntimeBinderException : Нельзя неявно преобразовать тип "void" to "object"]]></message>
                  <stack-trace><![CDATA[   в CallSite.Target(Closure , CallSite , Object , Object )
   в Inheritance.Geometry.Visitor.BodyExtensions.TryAcceptVisitor[TResult](Body body, Object visitor) в C:\Users\Александр\Desktop\Дистант\проектирование c#\Inheritance.Geometry.csproj\Visitor\BodyExtensions.cs:строка 9
   в Inheritance.Geometry.Visitor.BoundingBoxVisitor_Should.RectangularCuboid_BoundingBoxVisitor_IsCorrect(Double x, Double y, Double z, Double length, Double width, Double height) в C:\Users\Александр\Desktop\Дистант\проектирование c#\Inheritance.Geometry.csproj\Visitor\BoundingBoxVisitor_Should.cs:строка 66]]></stack-trace>
                </failure>
              </test-case>
              <test-case id="1135" name="RectangularCuboid_BoundingBoxVisitor_IsCorrect(6,-2,-4,0)" fullname="Inheritance.Geometry.Visitor.BoundingBoxVisitor_Should.RectangularCuboid_BoundingBoxVisitor_IsCorrect(6,-2,-4,0)" methodname="RectangularCuboid_BoundingBoxVisitor_IsCorrect" classname="Inheritance.Geometry.Visitor.BoundingBoxVisitor_Should" runstate="Runnable" seed="1521697442" result="Failed" label="Error" start-time="2021-10-03 07:57:07Z" end-time="2021-10-03 07:57:07Z" duration="0.000494" asserts="0">
                <failure>
                  <message><![CDATA[Microsoft.CSharp.RuntimeBinder.RuntimeBinderException : Нельзя неявно преобразовать тип "void" to "object"]]></message>
                  <stack-trace><![CDATA[   в CallSite.Target(Closure , CallSite , Object , Object )
   в Inheritance.Geometry.Visitor.BodyExtensions.TryAcceptVisitor[TResult](Body body, Object visitor) в C:\Users\Александр\Desktop\Дистант\проектирование c#\Inheritance.Geometry.csproj\Visitor\BodyExtensions.cs:строка 9
   в Inheritance.Geometry.Visitor.BoundingBoxVisitor_Should.RectangularCuboid_BoundingBoxVisitor_IsCorrect(Double x, Double y, Double z, Double length, Double width, Double height) в C:\Users\Александр\Desktop\Дистант\проектирование c#\Inheritance.Geometry.csproj\Visitor\BoundingBoxVisitor_Should.cs:строка 66]]></stack-trace>
                </failure>
              </test-case>
              <test-case id="1136" name="RectangularCuboid_BoundingBoxVisitor_IsCorrect(6,2,4,2)" fullname="Inheritance.Geometry.Visitor.BoundingBoxVisitor_Should.RectangularCuboid_BoundingBoxVisitor_IsCorrect(6,2,4,2)" methodname="RectangularCuboid_BoundingBoxVisitor_IsCorrect" classname="Inheritance.Geometry.Visitor.BoundingBoxVisitor_Should" runstate="Runnable" seed="533621587" result="Failed" label="Error" start-time="2021-10-03 07:57:07Z" end-time="2021-10-03 07:57:07Z" duration="0.000640" asserts="0">
                <failure>
                  <message><![CDATA[Microsoft.CSharp.RuntimeBinder.RuntimeBinderException : Нельзя неявно преобразовать тип "void" to "object"]]></message>
                  <stack-trace><![CDATA[   в CallSite.Target(Closure , CallSite , Object , Object )
   в Inheritance.Geometry.Visitor.BodyExtensions.TryAcceptVisitor[TResult](Body body, Object visitor) в C:\Users\Александр\Desktop\Дистант\проектирование c#\Inheritance.Geometry.csproj\Visitor\BodyExtensions.cs:строка 9
   в Inheritance.Geometry.Visitor.BoundingBoxVisitor_Should.RectangularCuboid_BoundingBoxVisitor_IsCorrect(Double x, Double y, Double z, Double length, Double width, Double height) в C:\Users\Александр\Desktop\Дистант\проектирование c#\Inheritance.Geometry.csproj\Visitor\BoundingBoxVisitor_Should.cs:строка 66]]></stack-trace>
                </failure>
              </test-case>
              <test-case id="1137" name="RectangularCuboid_BoundingBoxVisitor_IsCorrect(-6,2,4,4)" fullname="Inheritance.Geometry.Visitor.BoundingBoxVisitor_Should.RectangularCuboid_BoundingBoxVisitor_IsCorrect(-6,2,4,4)" methodname="RectangularCuboid_BoundingBoxVisitor_IsCorrect" classname="Inheritance.Geometry.Visitor.BoundingBoxVisitor_Should" runstate="Runnable" seed="739955307" result="Failed" label="Error" start-time="2021-10-03 07:57:07Z" end-time="2021-10-03 07:57:07Z" duration="0.000395" asserts="0">
                <failure>
                  <message><![CDATA[Microsoft.CSharp.RuntimeBinder.RuntimeBinderException : Нельзя неявно преобразовать тип "void" to "object"]]></message>
                  <stack-trace><![CDATA[   в CallSite.Target(Closure , CallSite , Object , Object )
   в Inheritance.Geometry.Visitor.BodyExtensions.TryAcceptVisitor[TResult](Body body, Object visitor) в C:\Users\Александр\Desktop\Дистант\проектирование c#\Inheritance.Geometry.csproj\Visitor\BodyExtensions.cs:строка 9
   в Inheritance.Geometry.Visitor.BoundingBoxVisitor_Should.RectangularCuboid_BoundingBoxVisitor_IsCorrect(Double x, Double y, Double z, Double length, Double width, Double height) в C:\Users\Александр\Desktop\Дистант\проектирование c#\Inheritance.Geometry.csproj\Visitor\BoundingBoxVisitor_Should.cs:строка 66]]></stack-trace>
                </failure>
              </test-case>
              <test-case id="1138" name="RectangularCuboid_BoundingBoxVisitor_IsCorrect(-6,-2,4,9)" fullname="Inheritance.Geometry.Visitor.BoundingBoxVisitor_Should.RectangularCuboid_BoundingBoxVisitor_IsCorrect(-6,-2,4,9)" methodname="RectangularCuboid_BoundingBoxVisitor_IsCorrect" classname="Inheritance.Geometry.Visitor.BoundingBoxVisitor_Should" runstate="Runnable" seed="1030580684" result="Failed" label="Error" start-time="2021-10-03 07:57:07Z" end-time="2021-10-03 07:57:07Z" duration="0.000502" asserts="0">
                <failure>
                  <message><![CDATA[Microsoft.CSharp.RuntimeBinder.RuntimeBinderException : Нельзя неявно преобразовать тип "void" to "object"]]></message>
                  <stack-trace><![CDATA[   в CallSite.Target(Closure , CallSite , Object , Object )
   в Inheritance.Geometry.Visitor.BodyExtensions.TryAcceptVisitor[TResult](Body body, Object visitor) в C:\Users\Александр\Desktop\Дистант\проектирование c#\Inheritance.Geometry.csproj\Visitor\BodyExtensions.cs:строка 9
   в Inheritance.Geometry.Visitor.BoundingBoxVisitor_Should.RectangularCuboid_BoundingBoxVisitor_IsCorrect(Double x, Double y, Double z, Double length, Double width, Double height) в C:\Users\Александр\Desktop\Дистант\проектирование c#\Inheritance.Geometry.csproj\Visitor\BoundingBoxVisitor_Should.cs:строка 66]]></stack-trace>
                </failure>
              </test-case>
              <test-case id="1139" name="RectangularCuboid_BoundingBoxVisitor_IsCorrect(-6,-2,-4,8)" fullname="Inheritance.Geometry.Visitor.BoundingBoxVisitor_Should.RectangularCuboid_BoundingBoxVisitor_IsCorrect(-6,-2,-4,8)" methodname="RectangularCuboid_BoundingBoxVisitor_IsCorrect" classname="Inheritance.Geometry.Visitor.BoundingBoxVisitor_Should" runstate="Runnable" seed="1131588110" result="Failed" label="Error" start-time="2021-10-03 07:57:07Z" end-time="2021-10-03 07:57:07Z" duration="0.000566" asserts="0">
                <failure>
                  <message><![CDATA[Microsoft.CSharp.RuntimeBinder.RuntimeBinderException : Нельзя неявно преобразовать тип "void" to "object"]]></message>
                  <stack-trace><![CDATA[   в CallSite.Target(Closure , CallSite , Object , Object )
   в Inheritance.Geometry.Visitor.BodyExtensions.TryAcceptVisitor[TResult](Body body, Object visitor) в C:\Users\Александр\Desktop\Дистант\проектирование c#\Inheritance.Geometry.csproj\Visitor\BodyExtensions.cs:строка 9
   в Inheritance.Geometry.Visitor.BoundingBoxVisitor_Should.RectangularCuboid_BoundingBoxVisitor_IsCorrect(Double x, Double y, Double z, Double length, Double width, Double height) в C:\Users\Александр\Desktop\Дистант\проектирование c#\Inheritance.Geometry.csproj\Visitor\BoundingBoxVisitor_Should.cs:строка 66]]></stack-trace>
                </failure>
              </test-case>
              <test-case id="1140" name="RectangularCuboid_BoundingBoxVisitor_IsCorrect(6,2,-4,7)" fullname="Inheritance.Geometry.Visitor.BoundingBoxVisitor_Should.RectangularCuboid_BoundingBoxVisitor_IsCorrect(6,2,-4,7)" methodname="RectangularCuboid_BoundingBoxVisitor_IsCorrect" classname="Inheritance.Geometry.Visitor.BoundingBoxVisitor_Should" runstate="Runnable" seed="903073212" result="Failed" label="Error" start-time="2021-10-03 07:57:07Z" end-time="2021-10-03 07:57:07Z" duration="0.000486" asserts="0">
                <failure>
                  <message><![CDATA[Microsoft.CSharp.RuntimeBinder.RuntimeBinderException : Нельзя неявно преобразовать тип "void" to "object"]]></message>
                  <stack-trace><![CDATA[   в CallSite.Target(Closure , CallSite , Object , Object )
   в Inheritance.Geometry.Visitor.BodyExtensions.TryAcceptVisitor[TResult](Body body, Object visitor) в C:\Users\Александр\Desktop\Дистант\проектирование c#\Inheritance.Geometry.csproj\Visitor\BodyExtensions.cs:строка 9
   в Inheritance.Geometry.Visitor.BoundingBoxVisitor_Should.RectangularCuboid_BoundingBoxVisitor_IsCorrect(Double x, Double y, Double z, Double length, Double width, Double height) в C:\Users\Александр\Desktop\Дистант\проектирование c#\Inheritance.Geometry.csproj\Visitor\BoundingBoxVisitor_Should.cs:строка 66]]></stack-trace>
                </failure>
              </test-case>
              <test-case id="1141" name="RectangularCuboid_BoundingBoxVisitor_IsCorrect(6,-2,-4,1)" fullname="Inheritance.Geometry.Visitor.BoundingBoxVisitor_Should.RectangularCuboid_BoundingBoxVisitor_IsCorrect(6,-2,-4,1)" methodname="RectangularCuboid_BoundingBoxVisitor_IsCorrect" classname="Inheritance.Geometry.Visitor.BoundingBoxVisitor_Should" runstate="Runnable" seed="305834903" result="Failed" label="Error" start-time="2021-10-03 07:57:07Z" end-time="2021-10-03 07:57:07Z" duration="0.000464" asserts="0">
                <failure>
                  <message><![CDATA[Microsoft.CSharp.RuntimeBinder.RuntimeBinderException : Нельзя неявно преобразовать тип "void" to "object"]]></message>
                  <stack-trace><![CDATA[   в CallSite.Target(Closure , CallSite , Object , Object )
   в Inheritance.Geometry.Visitor.BodyExtensions.TryAcceptVisitor[TResult](Body body, Object visitor) в C:\Users\Александр\Desktop\Дистант\проектирование c#\Inheritance.Geometry.csproj\Visitor\BodyExtensions.cs:строка 9
   в Inheritance.Geometry.Visitor.BoundingBoxVisitor_Should.RectangularCuboid_BoundingBoxVisitor_IsCorrect(Double x, Double y, Double z, Double length, Double width, Double height) в C:\Users\Александр\Desktop\Дистант\проектирование c#\Inheritance.Geometry.csproj\Visitor\BoundingBoxVisitor_Should.cs:строка 66]]></stack-trace>
                </failure>
              </test-case>
            </test-suite>
          </test-suite>
          <test-suite type="TestFixture" id="1167" name="BoxifyVisitor_Should" fullname="Inheritance.Geometry.Visitor.BoxifyVisitor_Should" classname="Inheritance.Geometry.Visitor.BoxifyVisitor_Should" runstate="Runnable" testcasecount="4" result="Failed" site="Child" start-time="2021-10-03 07:57:07Z" end-time="2021-10-03 07:57:07Z" duration="0.123800" total="4" passed="0" failed="4" warnings="0" inconclusive="0" skipped="0" asserts="0">
            <failure>
              <message><![CDATA[One or more child tests had errors]]></message>
            </failure>
            <test-case id="1168" name="Ball_BoxifyVisitor_IsCorrect" fullname="Inheritance.Geometry.Visitor.BoxifyVisitor_Should.Ball_BoxifyVisitor_IsCorrect" methodname="Ball_BoxifyVisitor_IsCorrect" classname="Inheritance.Geometry.Visitor.BoxifyVisitor_Should" runstate="Runnable" seed="1738230378" result="Failed" label="Error" start-time="2021-10-03 07:57:07Z" end-time="2021-10-03 07:57:07Z" duration="0.001055" asserts="0">
              <failure>
                <message><![CDATA[Microsoft.CSharp.RuntimeBinder.RuntimeBinderException : Нельзя неявно преобразовать тип "void" to "object"]]></message>
                <stack-trace><![CDATA[   в CallSite.Target(Closure , CallSite , Object , Object )
   в System.Dynamic.UpdateDelegates.UpdateAndExecute2[T0,T1,TRet](CallSite site, T0 arg0, T1 arg1)
   в CallSite.Target(Closure , CallSite , Object , Object )
   в Inheritance.Geometry.Visitor.BodyExtensions.TryAcceptVisitor[TResult](Body body, Object visitor) в C:\Users\Александр\Desktop\Дистант\проектирование c#\Inheritance.Geometry.csproj\Visitor\BodyExtensions.cs:строка 9
   в Inheritance.Geometry.Visitor.BoxifyVisitor_Should.Ball_BoxifyVisitor_IsCorrect() в C:\Users\Александр\Desktop\Дистант\проектирование c#\Inheritance.Geometry.csproj\Visitor\BoxifyVisitor_Should.cs:строка 15]]></stack-trace>
              </failure>
            </test-case>
            <test-case id="1171" name="CompoundBody_BoxifyVisitor_IsCorrect" fullname="Inheritance.Geometry.Visitor.BoxifyVisitor_Should.CompoundBody_BoxifyVisitor_IsCorrect" methodname="CompoundBody_BoxifyVisitor_IsCorrect" classname="Inheritance.Geometry.Visitor.BoxifyVisitor_Should" runstate="Runnable" seed="1754448374" result="Failed" label="Error" start-time="2021-10-03 07:57:07Z" end-time="2021-10-03 07:57:07Z" duration="0.001208" asserts="0">
              <failure>
                <message><![CDATA[Microsoft.CSharp.RuntimeBinder.RuntimeBinderException : Нельзя неявно преобразовать тип "void" to "object"]]></message>
                <stack-trace><![CDATA[   в CallSite.Target(Closure , CallSite , Object , Object )
   в System.Dynamic.UpdateDelegates.UpdateAndExecute2[T0,T1,TRet](CallSite site, T0 arg0, T1 arg1)
   в Inheritance.Geometry.Visitor.BodyExtensions.TryAcceptVisitor[TResult](Body body, Object visitor) в C:\Users\Александр\Desktop\Дистант\проектирование c#\Inheritance.Geometry.csproj\Visitor\BodyExtensions.cs:строка 9
   в Inheritance.Geometry.Visitor.BoxifyVisitor_Should.CompoundBody_BoxifyVisitor_IsCorrect() в C:\Users\Александр\Desktop\Дистант\проектирование c#\Inheritance.Geometry.csproj\Visitor\BoxifyVisitor_Should.cs:строка 55]]></stack-trace>
              </failure>
            </test-case>
            <test-case id="1170" name="Cylinder_BoxifyVisitor_IsCorrect" fullname="Inheritance.Geometry.Visitor.BoxifyVisitor_Should.Cylinder_BoxifyVisitor_IsCorrect" methodname="Cylinder_BoxifyVisitor_IsCorrect" classname="Inheritance.Geometry.Visitor.BoxifyVisitor_Should" runstate="Runnable" seed="1763301313" result="Failed" label="Error" start-time="2021-10-03 07:57:07Z" end-time="2021-10-03 07:57:07Z" duration="0.000921" asserts="0">
              <failure>
                <message><![CDATA[Microsoft.CSharp.RuntimeBinder.RuntimeBinderException : Нельзя неявно преобразовать тип "void" to "object"]]></message>
                <stack-trace><![CDATA[   в CallSite.Target(Closure , CallSite , Object , Object )
   в System.Dynamic.UpdateDelegates.UpdateAndExecute2[T0,T1,TRet](CallSite site, T0 arg0, T1 arg1)
   в CallSite.Target(Closure , CallSite , Object , Object )
   в Inheritance.Geometry.Visitor.BodyExtensions.TryAcceptVisitor[TResult](Body body, Object visitor) в C:\Users\Александр\Desktop\Дистант\проектирование c#\Inheritance.Geometry.csproj\Visitor\BodyExtensions.cs:строка 9
   в Inheritance.Geometry.Visitor.BoxifyVisitor_Should.Cylinder_BoxifyVisitor_IsCorrect() в C:\Users\Александр\Desktop\Дистант\проектирование c#\Inheritance.Geometry.csproj\Visitor\BoxifyVisitor_Should.cs:строка 37]]></stack-trace>
              </failure>
            </test-case>
            <test-case id="1169" name="RectangularCuboid_BoxifyVisitor_IsCorrect" fullname="Inheritance.Geometry.Visitor.BoxifyVisitor_Should.RectangularCuboid_BoxifyVisitor_IsCorrect" methodname="RectangularCuboid_BoxifyVisitor_IsCorrect" classname="Inheritance.Geometry.Visitor.BoxifyVisitor_Should" runstate="Runnable" seed="27563454" result="Failed" label="Error" start-time="2021-10-03 07:57:07Z" end-time="2021-10-03 07:57:07Z" duration="0.000869" asserts="0">
              <failure>
                <message><![CDATA[Microsoft.CSharp.RuntimeBinder.RuntimeBinderException : Нельзя неявно преобразовать тип "void" to "object"]]></message>
                <stack-trace><![CDATA[   в CallSite.Target(Closure , CallSite , Object , Object )
   в System.Dynamic.UpdateDelegates.UpdateAndExecute2[T0,T1,TRet](CallSite site, T0 arg0, T1 arg1)
   в CallSite.Target(Closure , CallSite , Object , Object )
   в Inheritance.Geometry.Visitor.BodyExtensions.TryAcceptVisitor[TResult](Body body, Object visitor) в C:\Users\Александр\Desktop\Дистант\проектирование c#\Inheritance.Geometry.csproj\Visitor\BodyExtensions.cs:строка 9
   в Inheritance.Geometry.Visitor.BoxifyVisitor_Should.RectangularCuboid_BoxifyVisitor_IsCorrect() в C:\Users\Александр\Desktop\Дистант\проектирование c#\Inheritance.Geometry.csproj\Visitor\BoxifyVisitor_Should.cs:строка 26]]></stack-trace>
              </failure>
            </test-case>
          </test-suite>
        </test-suite>
      </test-suite>
    </test-suite>
  </test-suite>
</test-run>