<?xml version="1.0" encoding="utf-8"?>
<test-run id="2" name="Incapsulation.RationalNumbers.exe" fullname="C:/Users/Александр/Desktop/Дистант/проектирование c#/Incapsulation.RationalNumbers.csproj/bin/Debug/Incapsulation.RationalNumbers.exe" testcasecount="48" result="Failed" start-time="2021-09-26 18:22:25Z" end-time="2021-09-26 18:22:27Z" duration="1.770471" total="48" passed="47" failed="1" inconclusive="0" skipped="0" asserts="87" random-seed="437365365">
  <command-line><![CDATA["C:\Users\Александр\Desktop\Дистант\проектирование c#\Incapsulation.RationalNumbers.csproj\bin\Debug\Incapsulation.RationalNumbers.exe"]]></command-line>
  <filter />
  <test-suite type="Assembly" id="1053" name="Incapsulation.RationalNumbers.exe" fullname="C:/Users/Александр/Desktop/Дистант/проектирование c#/Incapsulation.RationalNumbers.csproj/bin/Debug/Incapsulation.RationalNumbers.exe" runstate="Runnable" testcasecount="48" result="Failed" site="Child" start-time="2021-09-26 18:22:25Z" end-time="2021-09-26 18:22:27Z" duration="1.770471" total="48" passed="47" failed="1" warnings="0" inconclusive="0" skipped="0" asserts="87">
    <environment framework-version="3.6.0.0" clr-version="4.0.30319.42000" os-version="Microsoft Windows NT 6.2.9200.0" platform="Win32NT" cwd="C:\Users\Александр\Desktop\Дистант\проектирование c#\Incapsulation.RationalNumbers.csproj\bin\Debug" machine-name="MSI" user="Александр" user-domain="MSI" culture="ru-RU" uiculture="ru-RU" os-architecture="x86" />
    <settings>
      <setting name="WorkDirectory" value="C:\Users\Александр\Desktop\Дистант\проектирование c#\Incapsulation.RationalNumbers.csproj\bin\Debug" />
      <setting name="NumberOfTestWorkers" value="12" />
    </settings>
    <properties>
      <property name="_PID" value="9880" />
      <property name="_APPDOMAIN" value="Incapsulation.RationalNumbers.exe" />
    </properties>
    <failure>
      <message><![CDATA[One or more child tests had errors]]></message>
    </failure>
    <test-suite type="TestSuite" id="1054" name="Incapsulation" fullname="Incapsulation" runstate="Runnable" testcasecount="48" result="Failed" site="Child" start-time="2021-09-26 18:22:25Z" end-time="2021-09-26 18:22:27Z" duration="1.738506" total="48" passed="47" failed="1" warnings="0" inconclusive="0" skipped="0" asserts="87">
      <failure>
        <message><![CDATA[One or more child tests had errors]]></message>
      </failure>
      <test-suite type="TestSuite" id="1055" name="RationalNumbers" fullname="Incapsulation.RationalNumbers" runstate="Runnable" testcasecount="48" result="Failed" site="Child" start-time="2021-09-26 18:22:25Z" end-time="2021-09-26 18:22:27Z" duration="1.707582" total="48" passed="47" failed="1" warnings="0" inconclusive="0" skipped="0" asserts="87">
        <failure>
          <message><![CDATA[One or more child tests had errors]]></message>
        </failure>
        <test-suite type="TestFixture" id="1000" name="Rational_should" fullname="Incapsulation.RationalNumbers.Rational_should" classname="Incapsulation.RationalNumbers.Rational_should" runstate="Runnable" testcasecount="48" result="Failed" site="Child" start-time="2021-09-26 18:22:25Z" end-time="2021-09-26 18:22:27Z" duration="1.675630" total="48" passed="47" failed="1" warnings="0" inconclusive="0" skipped="0" asserts="87">
          <failure>
            <message><![CDATA[One or more child tests had errors]]></message>
          </failure>
          <test-case id="1004" name="BeCorrectWithZeroNumerator" fullname="Incapsulation.RationalNumbers.Rational_should.BeCorrectWithZeroNumerator" methodname="BeCorrectWithZeroNumerator" classname="Incapsulation.RationalNumbers.Rational_should" runstate="Runnable" seed="751296526" result="Failed" start-time="2021-09-26 18:22:25Z" end-time="2021-09-26 18:22:25Z" duration="0.056285" asserts="2">
            <failure>
              <message><![CDATA[  Expected: 4
  But was:  0
]]></message>
              <stack-trace><![CDATA[в Incapsulation.RationalNumbers.Rational_should.AssertEqual(Int32 expectedNumerator, Int32 expectedDenominator, Rational actual) в C:\Users\Александр\Desktop\Дистант\проектирование c#\Incapsulation.RationalNumbers.csproj\Rational_should.cs:строка 12
в Incapsulation.RationalNumbers.Rational_should.BeCorrectWithZeroNumerator() в C:\Users\Александр\Desktop\Дистант\проектирование c#\Incapsulation.RationalNumbers.csproj\Rational_should.cs:строка 37
]]></stack-trace>
            </failure>
            <assertions>
              <assertion result="Failed">
                <message><![CDATA[  Expected: 4
  But was:  0
]]></message>
                <stack-trace><![CDATA[в Incapsulation.RationalNumbers.Rational_should.AssertEqual(Int32 expectedNumerator, Int32 expectedDenominator, Rational actual) в C:\Users\Александр\Desktop\Дистант\проектирование c#\Incapsulation.RationalNumbers.csproj\Rational_should.cs:строка 12
в Incapsulation.RationalNumbers.Rational_should.BeCorrectWithZeroNumerator() в C:\Users\Александр\Desktop\Дистант\проектирование c#\Incapsulation.RationalNumbers.csproj\Rational_should.cs:строка 37
]]></stack-trace>
              </assertion>
            </assertions>
          </test-case>
          <test-case id="1032" name="ConvertFromInt" fullname="Incapsulation.RationalNumbers.Rational_should.ConvertFromInt" methodname="ConvertFromInt" classname="Incapsulation.RationalNumbers.Rational_should" runstate="Runnable" seed="774891651" result="Passed" start-time="2021-09-26 18:22:25Z" end-time="2021-09-26 18:22:25Z" duration="0.000525" asserts="3" />
          <test-suite type="ParameterizedMethod" id="1031" name="ConvertToDouble" fullname="Incapsulation.RationalNumbers.Rational_should.ConvertToDouble" classname="Incapsulation.RationalNumbers.Rational_should" runstate="Runnable" testcasecount="6" result="Passed" start-time="2021-09-26 18:22:25Z" end-time="2021-09-26 18:22:25Z" duration="0.190067" total="6" passed="6" failed="0" warnings="0" inconclusive="0" skipped="0" asserts="6">
            <test-case id="1025" name="ConvertToDouble(1,2,0.5d)" fullname="Incapsulation.RationalNumbers.Rational_should.ConvertToDouble(1,2,0.5d)" methodname="ConvertToDouble" classname="Incapsulation.RationalNumbers.Rational_should" runstate="Runnable" seed="239301921" result="Passed" start-time="2021-09-26 18:22:25Z" end-time="2021-09-26 18:22:25Z" duration="0.004183" asserts="1" />
            <test-case id="1026" name="ConvertToDouble(10,5,2.0d)" fullname="Incapsulation.RationalNumbers.Rational_should.ConvertToDouble(10,5,2.0d)" methodname="ConvertToDouble" classname="Incapsulation.RationalNumbers.Rational_should" runstate="Runnable" seed="108786089" result="Passed" start-time="2021-09-26 18:22:25Z" end-time="2021-09-26 18:22:25Z" duration="0.000473" asserts="1" />
            <test-case id="1027" name="ConvertToDouble(-1,5,-0.2d)" fullname="Incapsulation.RationalNumbers.Rational_should.ConvertToDouble(-1,5,-0.2d)" methodname="ConvertToDouble" classname="Incapsulation.RationalNumbers.Rational_should" runstate="Runnable" seed="363065784" result="Passed" start-time="2021-09-26 18:22:25Z" end-time="2021-09-26 18:22:25Z" duration="0.000111" asserts="1" />
            <test-case id="1028" name="ConvertToDouble(10,0,double.NaN)" fullname="Incapsulation.RationalNumbers.Rational_should.ConvertToDouble(10,0,double.NaN)" methodname="ConvertToDouble" classname="Incapsulation.RationalNumbers.Rational_should" runstate="Runnable" seed="158471627" result="Passed" start-time="2021-09-26 18:22:25Z" end-time="2021-09-26 18:22:25Z" duration="0.000099" asserts="1" />
            <test-case id="1029" name="ConvertToDouble(-10,0,double.NaN)" fullname="Incapsulation.RationalNumbers.Rational_should.ConvertToDouble(-10,0,double.NaN)" methodname="ConvertToDouble" classname="Incapsulation.RationalNumbers.Rational_should" runstate="Runnable" seed="1033054867" result="Passed" start-time="2021-09-26 18:22:25Z" end-time="2021-09-26 18:22:25Z" duration="0.000120" asserts="1" />
            <test-case id="1030" name="ConvertToDouble(0,0,double.NaN)" fullname="Incapsulation.RationalNumbers.Rational_should.ConvertToDouble(0,0,double.NaN)" methodname="ConvertToDouble" classname="Incapsulation.RationalNumbers.Rational_should" runstate="Runnable" seed="1367981594" result="Passed" start-time="2021-09-26 18:22:25Z" end-time="2021-09-26 18:22:25Z" duration="0.000149" asserts="1" />
          </test-suite>
          <test-case id="1022" name="Divide" fullname="Incapsulation.RationalNumbers.Rational_should.Divide" methodname="Divide" classname="Incapsulation.RationalNumbers.Rational_should" runstate="Runnable" seed="994658872" result="Passed" start-time="2021-09-26 18:22:25Z" end-time="2021-09-26 18:22:25Z" duration="0.000319" asserts="3" />
          <test-case id="1024" name="DivideToZero" fullname="Incapsulation.RationalNumbers.Rational_should.DivideToZero" methodname="DivideToZero" classname="Incapsulation.RationalNumbers.Rational_should" runstate="Runnable" seed="73727225" result="Passed" start-time="2021-09-26 18:22:25Z" end-time="2021-09-26 18:22:25Z" duration="0.000855" asserts="1" />
          <test-case id="1023" name="DivideWithNan" fullname="Incapsulation.RationalNumbers.Rational_should.DivideWithNan" methodname="DivideWithNan" classname="Incapsulation.RationalNumbers.Rational_should" runstate="Runnable" seed="702452542" result="Passed" start-time="2021-09-26 18:22:25Z" end-time="2021-09-26 18:22:25Z" duration="0.000220" asserts="2" />
          <test-suite type="ParameterizedMethod" id="1045" name="ExplicitlyConvertToInt" fullname="Incapsulation.RationalNumbers.Rational_should.ExplicitlyConvertToInt" classname="Incapsulation.RationalNumbers.Rational_should" runstate="Runnable" testcasecount="12" result="Passed" start-time="2021-09-26 18:22:25Z" end-time="2021-09-26 18:22:26Z" duration="0.376941" total="12" passed="12" failed="0" warnings="0" inconclusive="0" skipped="0" asserts="12">
            <test-case id="1033" name="ExplicitlyConvertToInt(0,1,0)" fullname="Incapsulation.RationalNumbers.Rational_should.ExplicitlyConvertToInt(0,1,0)" methodname="ExplicitlyConvertToInt" classname="Incapsulation.RationalNumbers.Rational_should" runstate="Runnable" seed="1910926584" result="Passed" start-time="2021-09-26 18:22:25Z" end-time="2021-09-26 18:22:25Z" duration="0.000618" asserts="1" />
            <test-case id="1034" name="ExplicitlyConvertToInt(1,1,1)" fullname="Incapsulation.RationalNumbers.Rational_should.ExplicitlyConvertToInt(1,1,1)" methodname="ExplicitlyConvertToInt" classname="Incapsulation.RationalNumbers.Rational_should" runstate="Runnable" seed="97049224" result="Passed" start-time="2021-09-26 18:22:25Z" end-time="2021-09-26 18:22:25Z" duration="0.000532" asserts="1" />
            <test-case id="1035" name="ExplicitlyConvertToInt(2,1,2)" fullname="Incapsulation.RationalNumbers.Rational_should.ExplicitlyConvertToInt(2,1,2)" methodname="ExplicitlyConvertToInt" classname="Incapsulation.RationalNumbers.Rational_should" runstate="Runnable" seed="820905889" result="Passed" start-time="2021-09-26 18:22:25Z" end-time="2021-09-26 18:22:25Z" duration="0.000158" asserts="1" />
            <test-case id="1036" name="ExplicitlyConvertToInt(3,1,3)" fullname="Incapsulation.RationalNumbers.Rational_should.ExplicitlyConvertToInt(3,1,3)" methodname="ExplicitlyConvertToInt" classname="Incapsulation.RationalNumbers.Rational_should" runstate="Runnable" seed="207527247" result="Passed" start-time="2021-09-26 18:22:25Z" end-time="2021-09-26 18:22:25Z" duration="0.000104" asserts="1" />
            <test-case id="1037" name="ExplicitlyConvertToInt(2,2,1)" fullname="Incapsulation.RationalNumbers.Rational_should.ExplicitlyConvertToInt(2,2,1)" methodname="ExplicitlyConvertToInt" classname="Incapsulation.RationalNumbers.Rational_should" runstate="Runnable" seed="12873381" result="Passed" start-time="2021-09-26 18:22:26Z" end-time="2021-09-26 18:22:26Z" duration="0.000115" asserts="1" />
            <test-case id="1038" name="ExplicitlyConvertToInt(6,3,2)" fullname="Incapsulation.RationalNumbers.Rational_should.ExplicitlyConvertToInt(6,3,2)" methodname="ExplicitlyConvertToInt" classname="Incapsulation.RationalNumbers.Rational_should" runstate="Runnable" seed="1565108324" result="Passed" start-time="2021-09-26 18:22:26Z" end-time="2021-09-26 18:22:26Z" duration="0.000125" asserts="1" />
            <test-case id="1039" name="ExplicitlyConvertToInt(12,2,6)" fullname="Incapsulation.RationalNumbers.Rational_should.ExplicitlyConvertToInt(12,2,6)" methodname="ExplicitlyConvertToInt" classname="Incapsulation.RationalNumbers.Rational_should" runstate="Runnable" seed="250744956" result="Passed" start-time="2021-09-26 18:22:26Z" end-time="2021-09-26 18:22:26Z" duration="0.000096" asserts="1" />
            <test-case id="1040" name="ExplicitlyConvertToInt(12,3,4)" fullname="Incapsulation.RationalNumbers.Rational_should.ExplicitlyConvertToInt(12,3,4)" methodname="ExplicitlyConvertToInt" classname="Incapsulation.RationalNumbers.Rational_should" runstate="Runnable" seed="1572904224" result="Passed" start-time="2021-09-26 18:22:26Z" end-time="2021-09-26 18:22:26Z" duration="0.000091" asserts="1" />
            <test-case id="1041" name="ExplicitlyConvertToInt(12,4,3)" fullname="Incapsulation.RationalNumbers.Rational_should.ExplicitlyConvertToInt(12,4,3)" methodname="ExplicitlyConvertToInt" classname="Incapsulation.RationalNumbers.Rational_should" runstate="Runnable" seed="1807387744" result="Passed" start-time="2021-09-26 18:22:26Z" end-time="2021-09-26 18:22:26Z" duration="0.000110" asserts="1" />
            <test-case id="1042" name="ExplicitlyConvertToInt(12,6,2)" fullname="Incapsulation.RationalNumbers.Rational_should.ExplicitlyConvertToInt(12,6,2)" methodname="ExplicitlyConvertToInt" classname="Incapsulation.RationalNumbers.Rational_should" runstate="Runnable" seed="90864485" result="Passed" start-time="2021-09-26 18:22:26Z" end-time="2021-09-26 18:22:26Z" duration="0.000553" asserts="1" />
            <test-case id="1043" name="ExplicitlyConvertToInt(12,12,1)" fullname="Incapsulation.RationalNumbers.Rational_should.ExplicitlyConvertToInt(12,12,1)" methodname="ExplicitlyConvertToInt" classname="Incapsulation.RationalNumbers.Rational_should" runstate="Runnable" seed="264798544" result="Passed" start-time="2021-09-26 18:22:26Z" end-time="2021-09-26 18:22:26Z" duration="0.000113" asserts="1" />
            <test-case id="1044" name="ExplicitlyConvertToInt(1000,1,1000)" fullname="Incapsulation.RationalNumbers.Rational_should.ExplicitlyConvertToInt(1000,1,1000)" methodname="ExplicitlyConvertToInt" classname="Incapsulation.RationalNumbers.Rational_should" runstate="Runnable" seed="1359779018" result="Passed" start-time="2021-09-26 18:22:26Z" end-time="2021-09-26 18:22:26Z" duration="0.000132" asserts="1" />
          </test-suite>
          <test-suite type="ParameterizedMethod" id="1052" name="ExplicitlyConvertToIntAndFailsIfNonConvertible" fullname="Incapsulation.RationalNumbers.Rational_should.ExplicitlyConvertToIntAndFailsIfNonConvertible" classname="Incapsulation.RationalNumbers.Rational_should" runstate="Runnable" testcasecount="6" result="Passed" start-time="2021-09-26 18:22:26Z" end-time="2021-09-26 18:22:26Z" duration="0.186582" total="6" passed="6" failed="0" warnings="0" inconclusive="0" skipped="0" asserts="6">
            <test-case id="1046" name="ExplicitlyConvertToIntAndFailsIfNonConvertible(1,2)" fullname="Incapsulation.RationalNumbers.Rational_should.ExplicitlyConvertToIntAndFailsIfNonConvertible(1,2)" methodname="ExplicitlyConvertToIntAndFailsIfNonConvertible" classname="Incapsulation.RationalNumbers.Rational_should" runstate="Runnable" seed="560680505" result="Passed" start-time="2021-09-26 18:22:26Z" end-time="2021-09-26 18:22:26Z" duration="0.001679" asserts="1" />
            <test-case id="1047" name="ExplicitlyConvertToIntAndFailsIfNonConvertible(12,5)" fullname="Incapsulation.RationalNumbers.Rational_should.ExplicitlyConvertToIntAndFailsIfNonConvertible(12,5)" methodname="ExplicitlyConvertToIntAndFailsIfNonConvertible" classname="Incapsulation.RationalNumbers.Rational_should" runstate="Runnable" seed="294488426" result="Passed" start-time="2021-09-26 18:22:26Z" end-time="2021-09-26 18:22:26Z" duration="0.000168" asserts="1" />
            <test-case id="1048" name="ExplicitlyConvertToIntAndFailsIfNonConvertible(12,10)" fullname="Incapsulation.RationalNumbers.Rational_should.ExplicitlyConvertToIntAndFailsIfNonConvertible(12,10)" methodname="ExplicitlyConvertToIntAndFailsIfNonConvertible" classname="Incapsulation.RationalNumbers.Rational_should" runstate="Runnable" seed="761018721" result="Passed" start-time="2021-09-26 18:22:26Z" end-time="2021-09-26 18:22:26Z" duration="0.000211" asserts="1" />
            <test-case id="1049" name="ExplicitlyConvertToIntAndFailsIfNonConvertible(25,8)" fullname="Incapsulation.RationalNumbers.Rational_should.ExplicitlyConvertToIntAndFailsIfNonConvertible(25,8)" methodname="ExplicitlyConvertToIntAndFailsIfNonConvertible" classname="Incapsulation.RationalNumbers.Rational_should" runstate="Runnable" seed="1157492335" result="Passed" start-time="2021-09-26 18:22:26Z" end-time="2021-09-26 18:22:26Z" duration="0.000478" asserts="1" />
            <test-case id="1050" name="ExplicitlyConvertToIntAndFailsIfNonConvertible(2,3)" fullname="Incapsulation.RationalNumbers.Rational_should.ExplicitlyConvertToIntAndFailsIfNonConvertible(2,3)" methodname="ExplicitlyConvertToIntAndFailsIfNonConvertible" classname="Incapsulation.RationalNumbers.Rational_should" runstate="Runnable" seed="920290757" result="Passed" start-time="2021-09-26 18:22:26Z" end-time="2021-09-26 18:22:26Z" duration="0.000223" asserts="1" />
            <test-case id="1051" name="ExplicitlyConvertToIntAndFailsIfNonConvertible(2,4)" fullname="Incapsulation.RationalNumbers.Rational_should.ExplicitlyConvertToIntAndFailsIfNonConvertible(2,4)" methodname="ExplicitlyConvertToIntAndFailsIfNonConvertible" classname="Incapsulation.RationalNumbers.Rational_should" runstate="Runnable" seed="565953922" result="Passed" start-time="2021-09-26 18:22:26Z" end-time="2021-09-26 18:22:26Z" duration="0.000254" asserts="1" />
          </test-suite>
          <test-suite type="ParameterizedMethod" id="1015" name="InitializeAndReduce1" fullname="Incapsulation.RationalNumbers.Rational_should.InitializeAndReduce1" classname="Incapsulation.RationalNumbers.Rational_should" runstate="Runnable" testcasecount="10" result="Passed" start-time="2021-09-26 18:22:26Z" end-time="2021-09-26 18:22:26Z" duration="0.310209" total="10" passed="10" failed="0" warnings="0" inconclusive="0" skipped="0" asserts="30">
            <test-case id="1005" name="InitializeAndReduce1(1,2,2,4)" fullname="Incapsulation.RationalNumbers.Rational_should.InitializeAndReduce1(1,2,2,4)" methodname="InitializeAndReduce1" classname="Incapsulation.RationalNumbers.Rational_should" runstate="Runnable" seed="1031214942" result="Passed" start-time="2021-09-26 18:22:26Z" end-time="2021-09-26 18:22:26Z" duration="0.000191" asserts="3" />
            <test-case id="1006" name="InitializeAndReduce1(-1,2,-2,4)" fullname="Incapsulation.RationalNumbers.Rational_should.InitializeAndReduce1(-1,2,-2,4)" methodname="InitializeAndReduce1" classname="Incapsulation.RationalNumbers.Rational_should" runstate="Runnable" seed="180149805" result="Passed" start-time="2021-09-26 18:22:26Z" end-time="2021-09-26 18:22:26Z" duration="0.000098" asserts="3" />
            <test-case id="1007" name="InitializeAndReduce1(-1,2,2,-4)" fullname="Incapsulation.RationalNumbers.Rational_should.InitializeAndReduce1(-1,2,2,-4)" methodname="InitializeAndReduce1" classname="Incapsulation.RationalNumbers.Rational_should" runstate="Runnable" seed="1045804182" result="Passed" start-time="2021-09-26 18:22:26Z" end-time="2021-09-26 18:22:26Z" duration="0.000095" asserts="3" />
            <test-case id="1008" name="InitializeAndReduce1(1,2,-2,-4)" fullname="Incapsulation.RationalNumbers.Rational_should.InitializeAndReduce1(1,2,-2,-4)" methodname="InitializeAndReduce1" classname="Incapsulation.RationalNumbers.Rational_should" runstate="Runnable" seed="1413258790" result="Passed" start-time="2021-09-26 18:22:26Z" end-time="2021-09-26 18:22:26Z" duration="0.000113" asserts="3" />
            <test-case id="1009" name="InitializeAndReduce1(1,2,1,2)" fullname="Incapsulation.RationalNumbers.Rational_should.InitializeAndReduce1(1,2,1,2)" methodname="InitializeAndReduce1" classname="Incapsulation.RationalNumbers.Rational_should" runstate="Runnable" seed="2086357230" result="Passed" start-time="2021-09-26 18:22:26Z" end-time="2021-09-26 18:22:26Z" duration="0.000123" asserts="3" />
            <test-case id="1010" name="InitializeAndReduce1(1,2,8,16)" fullname="Incapsulation.RationalNumbers.Rational_should.InitializeAndReduce1(1,2,8,16)" methodname="InitializeAndReduce1" classname="Incapsulation.RationalNumbers.Rational_should" runstate="Runnable" seed="607387044" result="Passed" start-time="2021-09-26 18:22:26Z" end-time="2021-09-26 18:22:26Z" duration="0.000328" asserts="3" />
            <test-case id="1011" name="InitializeAndReduce1(2,3,10,15)" fullname="Incapsulation.RationalNumbers.Rational_should.InitializeAndReduce1(2,3,10,15)" methodname="InitializeAndReduce1" classname="Incapsulation.RationalNumbers.Rational_should" runstate="Runnable" seed="941497687" result="Passed" start-time="2021-09-26 18:22:26Z" end-time="2021-09-26 18:22:26Z" duration="0.000115" asserts="3" />
            <test-case id="1012" name="InitializeAndReduce1(4,7,16,28)" fullname="Incapsulation.RationalNumbers.Rational_should.InitializeAndReduce1(4,7,16,28)" methodname="InitializeAndReduce1" classname="Incapsulation.RationalNumbers.Rational_should" runstate="Runnable" seed="1456654025" result="Passed" start-time="2021-09-26 18:22:26Z" end-time="2021-09-26 18:22:26Z" duration="0.000109" asserts="3" />
            <test-case id="1013" name="InitializeAndReduce1(3,256,12,1024)" fullname="Incapsulation.RationalNumbers.Rational_should.InitializeAndReduce1(3,256,12,1024)" methodname="InitializeAndReduce1" classname="Incapsulation.RationalNumbers.Rational_should" runstate="Runnable" seed="715344609" result="Passed" start-time="2021-09-26 18:22:26Z" end-time="2021-09-26 18:22:26Z" duration="0.000123" asserts="3" />
            <test-case id="1014" name="InitializeAndReduce1(1,1,1,1)" fullname="Incapsulation.RationalNumbers.Rational_should.InitializeAndReduce1(1,1,1,1)" methodname="InitializeAndReduce1" classname="Incapsulation.RationalNumbers.Rational_should" runstate="Runnable" seed="476559121" result="Passed" start-time="2021-09-26 18:22:26Z" end-time="2021-09-26 18:22:26Z" duration="0.000139" asserts="3" />
          </test-suite>
          <test-case id="1001" name="InitializeSimpleRatioCorrectly" fullname="Incapsulation.RationalNumbers.Rational_should.InitializeSimpleRatioCorrectly" methodname="InitializeSimpleRatioCorrectly" classname="Incapsulation.RationalNumbers.Rational_should" runstate="Runnable" seed="1897727687" result="Passed" start-time="2021-09-26 18:22:26Z" end-time="2021-09-26 18:22:26Z" duration="0.000204" asserts="3" />
          <test-case id="1002" name="InitializeWithoutDenominator" fullname="Incapsulation.RationalNumbers.Rational_should.InitializeWithoutDenominator" methodname="InitializeWithoutDenominator" classname="Incapsulation.RationalNumbers.Rational_should" runstate="Runnable" seed="1138174447" result="Passed" start-time="2021-09-26 18:22:26Z" end-time="2021-09-26 18:22:26Z" duration="0.000328" asserts="3" />
          <test-case id="1003" name="InitializeWithZeroDenominator" fullname="Incapsulation.RationalNumbers.Rational_should.InitializeWithZeroDenominator" methodname="InitializeWithZeroDenominator" classname="Incapsulation.RationalNumbers.Rational_should" runstate="Runnable" seed="536044668" result="Passed" start-time="2021-09-26 18:22:26Z" end-time="2021-09-26 18:22:26Z" duration="0.000191" asserts="1" />
          <test-case id="1020" name="Multiply" fullname="Incapsulation.RationalNumbers.Rational_should.Multiply" methodname="Multiply" classname="Incapsulation.RationalNumbers.Rational_should" runstate="Runnable" seed="146082339" result="Passed" start-time="2021-09-26 18:22:26Z" end-time="2021-09-26 18:22:26Z" duration="0.000240" asserts="3" />
          <test-case id="1021" name="MultiplyWithNan" fullname="Incapsulation.RationalNumbers.Rational_should.MultiplyWithNan" methodname="MultiplyWithNan" classname="Incapsulation.RationalNumbers.Rational_should" runstate="Runnable" seed="1469824915" result="Passed" start-time="2021-09-26 18:22:26Z" end-time="2021-09-26 18:22:26Z" duration="0.000228" asserts="2" />
          <test-case id="1018" name="Subtract" fullname="Incapsulation.RationalNumbers.Rational_should.Subtract" methodname="Subtract" classname="Incapsulation.RationalNumbers.Rational_should" runstate="Runnable" seed="1053723994" result="Passed" start-time="2021-09-26 18:22:26Z" end-time="2021-09-26 18:22:26Z" duration="0.000348" asserts="3" />
          <test-case id="1019" name="SubtractWithNan" fullname="Incapsulation.RationalNumbers.Rational_should.SubtractWithNan" methodname="SubtractWithNan" classname="Incapsulation.RationalNumbers.Rational_should" runstate="Runnable" seed="535361233" result="Passed" start-time="2021-09-26 18:22:27Z" end-time="2021-09-26 18:22:27Z" duration="0.000334" asserts="2" />
          <test-case id="1016" name="Sum" fullname="Incapsulation.RationalNumbers.Rational_should.Sum" methodname="Sum" classname="Incapsulation.RationalNumbers.Rational_should" runstate="Runnable" seed="1462458752" result="Passed" start-time="2021-09-26 18:22:27Z" end-time="2021-09-26 18:22:27Z" duration="0.000448" asserts="3" />
          <test-case id="1017" name="SumWithNan" fullname="Incapsulation.RationalNumbers.Rational_should.SumWithNan" methodname="SumWithNan" classname="Incapsulation.RationalNumbers.Rational_should" runstate="Runnable" seed="1122609774" result="Passed" start-time="2021-09-26 18:22:27Z" end-time="2021-09-26 18:22:27Z" duration="0.000277" asserts="2" />
        </test-suite>
      </test-suite>
    </test-suite>
  </test-suite>
</test-run>